#
# A fatal error has been detected by the Java Runtime Environment:
#
#  EXCEPTION_ACCESS_VIOLATION (0xc0000005) at pc=0x0000000066b1e79a, pid=7388, tid=14020
#
# JRE version: OpenJDK Runtime Environment Temurin-17.0.11+9 (17.0.11+9) (build 17.0.11+9)
# Java VM: OpenJDK 64-Bit Server VM Temurin-17.0.11+9 (17.0.11+9, mixed mode, sharing, tiered, compressed oops, compressed class ptrs, g1 gc, windows-amd64)
# Problematic frame:
# C  [gdx-box2d64.dll+0x1e79a]
#
# No core dump will be written. Minidumps are not enabled by default on client versions of Windows
#
# If you would like to submit a bug report, please visit:
#   https://github.com/adoptium/adoptium-support/issues
# The crash happened outside the Java Virtual Machine in native code.
# See problematic frame for where to report the bug.
#

---------------  S U M M A R Y ------------

Command Line: -agentlib:jdwp=transport=dt_socket,server=n,suspend=y,address=127.0.0.1:51068 -Dfile.encoding=UTF-8 -Duser.country=US -Duser.language=en -Duser.variant io.github.some_example_name.lwjgl3.Lwjgl3Launcher

Host: Intel(R) Core(TM) i5-5200U CPU @ 2.20GHz, 4 cores, 3G,  Windows 10 , 64 bit Build 19041 (10.0.19041.5198)
Time: Mon Dec  2 15:27:10 2024 India Standard Time elapsed time: 12.039716 seconds (0d 0h 0m 12s)

---------------  T H R E A D  ---------------

Current thread (0x0000022e7d781050):  JavaThread "main" [_thread_in_native, id=14020, stack(0x0000009055e00000,0x0000009055f00000)]

Stack: [0x0000009055e00000,0x0000009055f00000],  sp=0x0000009055efe800,  free space=1018k
Native frames: (J=compiled Java code, j=interpreted, Vv=VM code, C=native code)
C  [gdx-box2d64.dll+0x1e79a]

Java frames: (J=compiled Java code, j=interpreted, Vv=VM code)
j  com.badlogic.gdx.physics.box2d.Body.jniCreateFixture(JJFFFZSSS)J+0
j  com.badlogic.gdx.physics.box2d.Body.createFixture(Lcom/badlogic/gdx/physics/box2d/FixtureDef;)Lcom/badlogic/gdx/physics/box2d/Fixture;+49
j  io.github.some_example_name.SerializableWorld$SerializableBody.<init>(Lio/github/some_example_name/SerializableWorld;FF[Lcom/badlogic/gdx/math/Vector2;Lcom/badlogic/gdx/physics/box2d/BodyDef$BodyType;FFFLjava/lang/String;)V+194
j  io.github.some_example_name.Ground.<init>(Ljava/lang/String;Lio/github/some_example_name/SerializableWorld;[Lcom/badlogic/gdx/math/Vector2;FF)V+52
j  io.github.some_example_name.Structure.createStructure(FF)V+33
j  io.github.some_example_name.Structure.<init>(Lio/github/some_example_name/Level;Lio/github/some_example_name/SerializableWorld;FFLio/github/some_example_name/SerializableRenderer;Lio/github/some_example_name/SerializableInputMultiplexer;)V+245
j  io.github.some_example_name.Level.<init>(Lio/github/some_example_name/AngryBirds;FFI)V+241
j  io.github.some_example_name.LevelManager$1.clicked(Lcom/badlogic/gdx/scenes/scene2d/InputEvent;FF)V+17
j  com.badlogic.gdx.scenes.scene2d.utils.ClickListener.touchUp(Lcom/badlogic/gdx/scenes/scene2d/InputEvent;FFII)V+108
j  com.badlogic.gdx.scenes.scene2d.InputListener.handle(Lcom/badlogic/gdx/scenes/scene2d/Event;)Z+233
j  com.badlogic.gdx.scenes.scene2d.Stage.touchUp(IIII)Z+213
j  com.badlogic.gdx.InputEventQueue.drain(Lcom/badlogic/gdx/InputProcessor;)V+273
j  com.badlogic.gdx.backends.lwjgl3.DefaultLwjgl3Input.update()V+8
j  com.badlogic.gdx.backends.lwjgl3.Lwjgl3Window.update()Z+126
j  com.badlogic.gdx.backends.lwjgl3.Lwjgl3Application.loop()V+111
j  com.badlogic.gdx.backends.lwjgl3.Lwjgl3Application.<init>(Lcom/badlogic/gdx/ApplicationListener;Lcom/badlogic/gdx/backends/lwjgl3/Lwjgl3ApplicationConfiguration;)V+269
j  io.github.some_example_name.lwjgl3.Lwjgl3Launcher.createApplication()Lcom/badlogic/gdx/backends/lwjgl3/Lwjgl3Application;+14
j  io.github.some_example_name.lwjgl3.Lwjgl3Launcher.main([Ljava/lang/String;)V+7
v  ~StubRoutines::call_stub

siginfo: EXCEPTION_ACCESS_VIOLATION (0xc0000005), reading address 0xffffffffffffffff


Registers:
RAX=0x0000022e6843b820, RBX=0x0000022e1afab730, RCX=0x0000022e1af33900, RDX=0x0000022e68422490
RSP=0x0000009055efe800, RBP=0x0000009055efe9d0, RSI=0x0000009055efe8c0, RDI=0x0000022e0efa9f1c
R8 =0x0000022e1af8b660, R9 =0x0000009055efe8c0, R10=0x0000000000000000, R11=0xfe00000000000001
R12=0x0000022e68422490, R13=0x0000022e68422490, R14=0x0000009055efea48, R15=0x0000022e7d781050
RIP=0x0000000066b1e79a, EFLAGS=0x0000000000010206


Register to memory mapping:

RIP=0x0000000066b1e79a gdx-box2d64.dll
RAX=0x0000022e6843b820 points into unknown readable memory: 0x0000022e1afd1010 | 10 10 fd 1a 2e 02 00 00
RBX=0x0000022e1afab730 points into unknown readable memory: 0x0000022e00000000 | 00 00 00 00 2e 02 00 00
RCX=0x0000022e1af33900 points into unknown readable memory: 0x0000022e6843b820 | 20 b8 43 68 2e 02 00 00
RDX=0x0000022e68422490 points into unknown readable memory: 0x0000022e1af8abc0 | c0 ab f8 1a 2e 02 00 00
RSP=0x0000009055efe800 is pointing into the stack for thread: 0x0000022e7d781050
RBP=0x0000009055efe9d0 is pointing into the stack for thread: 0x0000022e7d781050
RSI=0x0000009055efe8c0 is pointing into the stack for thread: 0x0000022e7d781050
RDI=0x0000022e0efa9f1c is at code_begin+3516 in an Interpreter codelet
return entry points  [0x0000022e0efa9160, 0x0000022e0efab3c0]  8800 bytes
R8 =0x0000022e1af8b660 points into unknown readable memory: 0x0000002600000000 | 00 00 00 00 26 00 00 00
R9 =0x0000009055efe8c0 is pointing into the stack for thread: 0x0000022e7d781050
R10=0x0 is NULL
R11=0xfe00000000000001 is an unknown value
R12=0x0000022e68422490 points into unknown readable memory: 0x0000022e1af8abc0 | c0 ab f8 1a 2e 02 00 00
R13=0x0000022e68422490 points into unknown readable memory: 0x0000022e1af8abc0 | c0 ab f8 1a 2e 02 00 00
R14=0x0000009055efea48 is pointing into the stack for thread: 0x0000022e7d781050
R15=0x0000022e7d781050 is a thread


Top of Stack: (sp=0x0000009055efe800)
0x0000009055efe800:   00007ffe78c34c98 0000022e61e38d60
0x0000009055efe810:   0000022e1af8b660 0000009055efe8c0
0x0000009055efe820:   0000022e0efa9f1c 0000022e1af8b660
0x0000009055efe830:   0000009055efe8c0 0000022e0efa9f1c
0x0000009055efe840:   0000022e1afab730 0000000066b1d61b
0x0000009055efe850:   0000022e7d781050 0000009055efea48
0x0000009055efe860:   0000000000000000 0000022e0efa9f1c
0x0000009055efe870:   0000000000000000 0000022e5c884008
0x0000009055efe880:   0000000000000000 0000000000000000
0x0000009055efe890:   0000022e5c884008 0000000066b2388d
0x0000009055efe8a0:   0000022e7d781050 00007ffe78903547
0x0000009055efe8b0:   0000022e5c884008 0000022e7d781050
0x0000009055efe8c0:   0000022e1af33900 0000000000000000
0x0000009055efe8d0:   000000003f000000 0001020000000000
0x0000009055efe8e0:   000000900000ffff 0000009055efe988
0x0000009055efe8f0:   0000009055efe988 0000022e0efb13e6
0x0000009055efe900:   0000022e0efa8e10 00007ffe00000000
0x0000009055efe910:   0000009055efe9d0 0000009055efe988
0x0000009055efe920:   000000903f000000 0000022e00000000
0x0000009055efe930:   0000022e00000000 00007ffe00000000
0x0000009055efe940:   0000009000000001 00000090ffffffff
0x0000009055efe950:   0000022e00000000 0000022e0efb0ef6
0x0000009055efe960:   0000022e5c884008 0000000000000000
0x0000009055efe970:   0000009055efea98 0000009055efe9f0
0x0000009055efe980:   0000022e0efb0e9d 0000009055efe988
0x0000009055efe990:   0000022e5c884008 0000009055efea48
0x0000009055efe9a0:   0000022e5c888790 0000000000000000
0x0000009055efe9b0:   00000000c4900178 0000022e5c884008
0x0000009055efe9c0:   0000000000000000 0000009055efe9f0
0x0000009055efe9d0:   0000009055efea98 0000022e0efaa23a
0x0000009055efe9e0:   0000000000000000 0000022e0efad557
0x0000009055efe9f0:   0000000000000000 00000000ffffffff 

Instructions: (pc=0x0000000066b1e79a)
0x0000000066b1e69a:   04 a8 02 75 11 c7 81 ac 00 00 00 00 00 00 00 83
0x0000000066b1e6aa:   c8 02 66 89 41 04 0f b7 42 04 a8 02 75 11 c7 82
0x0000000066b1e6ba:   ac 00 00 00 00 00 00 00 83 c8 02 66 89 42 04 83
0x0000000066b1e6ca:   46 60 01 48 83 c4 30 5b 5e 5f 41 5c 41 5d c3 90
0x0000000066b1e6da:   66 0f 1f 44 00 00 48 89 ca e9 88 be 01 00 90 90
0x0000000066b1e6ea:   90 90 90 90 90 90 48 b8 00 00 00 00 01 00 ff ff
0x0000000066b1e6fa:   48 89 41 30 31 c0 48 c7 41 40 00 00 00 00 48 c7
0x0000000066b1e70a:   41 10 00 00 00 00 48 c7 41 08 00 00 00 00 48 c7
0x0000000066b1e71a:   41 28 00 00 00 00 66 89 41 38 48 c7 41 18 00 00
0x0000000066b1e72a:   00 00 c7 01 00 00 00 00 c3 90 66 66 2e 0f 1f 84
0x0000000066b1e73a:   00 00 00 00 00 90 41 54 57 56 53 48 83 ec 28 49
0x0000000066b1e74a:   8b 41 08 f3 41 0f 10 41 10 48 89 41 40 41 8b 41
0x0000000066b1e75a:   1e 48 89 cb 49 89 d4 f3 0f 11 41 20 f3 41 0f 10
0x0000000066b1e76a:   41 14 4c 89 ce 89 41 34 41 0f b7 41 22 4c 89 41
0x0000000066b1e77a:   10 66 89 41 38 41 0f b6 41 1c f3 0f 11 41 24 88
0x0000000066b1e78a:   41 3a 48 c7 41 08 00 00 00 00 49 8b 09 48 8b 01
0x0000000066b1e79a:   ff 50 10 48 89 c1 48 89 43 18 48 8b 00 ff 50 18
0x0000000066b1e7aa:   4c 89 e1 89 c2 89 c7 c1 e2 05 e8 07 c6 fe ff 48
0x0000000066b1e7ba:   89 43 28 85 ff 7e 2e 8d 4f ff 48 8d 50 10 48 c1
0x0000000066b1e7ca:   e1 05 48 8d 44 08 30 0f 1f 80 00 00 00 00 48 c7
0x0000000066b1e7da:   02 00 00 00 00 48 83 c2 20 c7 42 ec ff ff ff ff
0x0000000066b1e7ea:   48 39 c2 75 e9 f3 0f 10 46 18 c7 43 30 00 00 00
0x0000000066b1e7fa:   00 f3 0f 11 03 48 83 c4 28 5b 5e 5f 41 5c c3 90
0x0000000066b1e80a:   66 0f 1f 44 00 00 41 55 41 54 53 48 83 ec 20 8b
0x0000000066b1e81a:   41 30 48 89 cb 49 89 d5 85 c0 0f 85 9e 00 00 00
0x0000000066b1e82a:   48 8b 4b 18 48 8b 01 ff 50 18 48 8b 53 28 4c 89
0x0000000066b1e83a:   e9 c1 e0 05 41 89 c0 e8 9a c7 fe ff 4c 8b 63 18
0x0000000066b1e84a:   48 c7 43 28 00 00 00 00 41 8b 44 24 08 83 f8 02
0x0000000066b1e85a:   0f 84 b0 00 00 00 77 3e 85 c0 0f 84 c6 00 00 00
0x0000000066b1e86a:   49 8b 04 24 4c 89 e1 ff 10 41 b8 38 00 00 00 4c
0x0000000066b1e87a:   89 e2 4c 89 e9 e8 5c c7 fe ff 48 c7 43 18 00 00
0x0000000066b1e88a:   00 00 48 83 c4 20 5b 41 5c 41 5d c3 66 2e 0f 1f 


Stack slot to memory mapping:
stack at sp + 0 slots: 0x00007ffe78c34c98 jvm.dll
stack at sp + 1 slots: 0x0000022e61e38d60 points into unknown readable memory: 0x4a28000c4f0c0001 | 01 00 0c 4f 0c 00 28 4a
stack at sp + 2 slots: 0x0000022e1af8b660 points into unknown readable memory: 0x0000002600000000 | 00 00 00 00 26 00 00 00
stack at sp + 3 slots: 0x0000009055efe8c0 is pointing into the stack for thread: 0x0000022e7d781050
stack at sp + 4 slots: 0x0000022e0efa9f1c is at code_begin+3516 in an Interpreter codelet
return entry points  [0x0000022e0efa9160, 0x0000022e0efab3c0]  8800 bytes
stack at sp + 5 slots: 0x0000022e1af8b660 points into unknown readable memory: 0x0000002600000000 | 00 00 00 00 26 00 00 00
stack at sp + 6 slots: 0x0000009055efe8c0 is pointing into the stack for thread: 0x0000022e7d781050
stack at sp + 7 slots: 0x0000022e0efa9f1c is at code_begin+3516 in an Interpreter codelet
return entry points  [0x0000022e0efa9160, 0x0000022e0efab3c0]  8800 bytes


---------------  P R O C E S S  ---------------

Threads class SMR info:
_java_thread_list=0x0000022e60ad4500, length=18, elements={
0x0000022e7d781050, 0x0000022e1ac7ec10, 0x0000022e1ac7fa90, 0x0000022e1ac93340,
0x0000022e1ac93e10, 0x0000022e1ac967e0, 0x0000022e1ac971a0, 0x0000022e1ac98290,
0x0000022e1ac98c90, 0x0000022e1acb0110, 0x0000022e600e4b90, 0x0000022e600f7340,
0x0000022e600f9850, 0x0000022e600fc250, 0x0000022e60108d90, 0x0000022e603fbfa0,
0x0000022e619bedf0, 0x0000022e61a6a2d0
}

Java Threads: ( => current thread )
=>0x0000022e7d781050 JavaThread "main" [_thread_in_native, id=14020, stack(0x0000009055e00000,0x0000009055f00000)]
  0x0000022e1ac7ec10 JavaThread "Reference Handler" daemon [_thread_blocked, id=12984, stack(0x0000009056500000,0x0000009056600000)]
  0x0000022e1ac7fa90 JavaThread "Finalizer" daemon [_thread_blocked, id=9976, stack(0x0000009056600000,0x0000009056700000)]
  0x0000022e1ac93340 JavaThread "Signal Dispatcher" daemon [_thread_blocked, id=5760, stack(0x0000009056700000,0x0000009056800000)]
  0x0000022e1ac93e10 JavaThread "Attach Listener" daemon [_thread_blocked, id=15496, stack(0x0000009056800000,0x0000009056900000)]
  0x0000022e1ac967e0 JavaThread "Service Thread" daemon [_thread_blocked, id=11036, stack(0x0000009056900000,0x0000009056a00000)]
  0x0000022e1ac971a0 JavaThread "Monitor Deflation Thread" daemon [_thread_blocked, id=13188, stack(0x0000009056a00000,0x0000009056b00000)]
  0x0000022e1ac98290 JavaThread "C2 CompilerThread0" daemon [_thread_blocked, id=5872, stack(0x0000009056b00000,0x0000009056c00000)]
  0x0000022e1ac98c90 JavaThread "C1 CompilerThread0" daemon [_thread_blocked, id=15612, stack(0x0000009056c00000,0x0000009056d00000)]
  0x0000022e1acb0110 JavaThread "Sweeper thread" daemon [_thread_blocked, id=9048, stack(0x0000009056d00000,0x0000009056e00000)]
  0x0000022e600e4b90 JavaThread "JDWP Transport Listener: dt_socket" daemon [_thread_blocked, id=5832, stack(0x0000009056e00000,0x0000009056f00000)]
  0x0000022e600f7340 JavaThread "JDWP Event Helper Thread" daemon [_thread_blocked, id=14752, stack(0x0000009056f00000,0x0000009057000000)]
  0x0000022e600f9850 JavaThread "JDWP Command Reader" daemon [_thread_in_native, id=10980, stack(0x0000009057000000,0x0000009057100000)]
  0x0000022e600fc250 JavaThread "Notification Thread" daemon [_thread_blocked, id=8512, stack(0x0000009057100000,0x0000009057200000)]
  0x0000022e60108d90 JavaThread "Common-Cleaner" daemon [_thread_blocked, id=13956, stack(0x0000009057300000,0x0000009057400000)]
  0x0000022e603fbfa0 JavaThread "Thread-0" daemon [_thread_blocked, id=8832, stack(0x0000009057400000,0x0000009057500000)]
  0x0000022e619bedf0 JavaThread "LWJGL3 Timer" daemon [_thread_blocked, id=3772, stack(0x0000009058300000,0x0000009058400000)]
  0x0000022e61a6a2d0 JavaThread "Timer" daemon [_thread_blocked, id=772, stack(0x0000009058400000,0x0000009058500000)]

Other Threads:
  0x0000022e1ac7c010 VMThread "VM Thread" [stack: 0x0000009056400000,0x0000009056500000] [id=9272]
  0x0000022e600fc730 WatcherThread [stack: 0x0000009057200000,0x0000009057300000] [id=16208]
  0x0000022e7d7bb7d0 GCTaskThread "GC Thread#0" [stack: 0x0000009055f00000,0x0000009056000000] [id=1848]
  0x0000022e6185b500 GCTaskThread "GC Thread#1" [stack: 0x0000009057e00000,0x0000009057f00000] [id=4716]
  0x0000022e61868300 GCTaskThread "GC Thread#2" [stack: 0x0000009057f00000,0x0000009058000000] [id=10812]
  0x0000022e6189e3f0 GCTaskThread "GC Thread#3" [stack: 0x0000009058000000,0x0000009058100000] [id=12312]
  0x0000022e7d7c44a0 ConcurrentGCThread "G1 Main Marker" [stack: 0x0000009056000000,0x0000009056100000] [id=9680]
  0x0000022e7d7c4ec0 ConcurrentGCThread "G1 Conc#0" [stack: 0x0000009056100000,0x0000009056200000] [id=15772]
  0x0000022e7d81bfb0 ConcurrentGCThread "G1 Refine#0" [stack: 0x0000009056200000,0x0000009056300000] [id=6560]
  0x0000022e7d81c9e0 ConcurrentGCThread "G1 Service" [stack: 0x0000009056300000,0x0000009056400000] [id=6704]

Threads with active compile tasks:

VM state: not at safepoint (normal execution)

VM Mutex/Monitor currently owned by a thread: None

Heap address: 0x00000000c1400000, size: 1004 MB, Compressed Oops mode: 32-bit

CDS archive(s) mapped at: [0x0000022e1b000000-0x0000022e1bbb0000-0x0000022e1bbb0000), size 12255232, SharedBaseAddress: 0x0000022e1b000000, ArchiveRelocationMode: 1.
Compressed class space mapped at: 0x0000022e1c000000-0x0000022e5c000000, reserved size: 1073741824
Narrow klass base: 0x0000022e1b000000, Narrow klass shift: 0, Narrow klass range: 0x100000000

GC Precious Log:
 CPUs: 4 total, 4 available
 Memory: 4010M
 Large Page Support: Disabled
 NUMA Support: Disabled
 Compressed Oops: Enabled (32-bit)
 Heap Region Size: 1M
 Heap Min Capacity: 8M
 Heap Initial Capacity: 64M
 Heap Max Capacity: 1004M
 Pre-touch: Disabled
 Parallel Workers: 4
 Concurrent Workers: 1
 Concurrent Refinement Workers: 4
 Periodic GC: Disabled

Heap:
 garbage-first heap   total 65536K, used 16706K [0x00000000c1400000, 0x0000000100000000)
  region size 1024K, 13 young (13312K), 2 survivors (2048K)
 Metaspace       used 7382K, committed 7552K, reserved 1114112K
  class space    used 570K, committed 640K, reserved 1048576K

Heap Regions: E=young(eden), S=young(survivor), O=old, HS=humongous(starts), HC=humongous(continues), CS=collection set, F=free, OA=open archive, CA=closed archive, TAMS=top-at-mark-start (previous, next)
|   0|0x00000000c1400000, 0x00000000c1450a00, 0x00000000c1500000| 31%| O|  |TAMS 0x00000000c1400000, 0x00000000c1400000| Untracked 
|   1|0x00000000c1500000, 0x00000000c1600000, 0x00000000c1600000|100%|HS|  |TAMS 0x00000000c1500000, 0x00000000c1500000| Complete 
|   2|0x00000000c1600000, 0x00000000c1700000, 0x00000000c1700000|100%|HS|  |TAMS 0x00000000c1600000, 0x00000000c1600000| Complete 
|   3|0x00000000c1700000, 0x00000000c1800000, 0x00000000c1800000|100%|HS|  |TAMS 0x00000000c1700000, 0x00000000c1700000| Complete 
|   4|0x00000000c1800000, 0x00000000c1900000, 0x00000000c1900000|100%|HS|  |TAMS 0x00000000c1800000, 0x00000000c1800000| Complete 
|   5|0x00000000c1900000, 0x00000000c1a00000, 0x00000000c1a00000|100%|HS|  |TAMS 0x00000000c1900000, 0x00000000c1900000| Complete 
|   6|0x00000000c1a00000, 0x00000000c1a00000, 0x00000000c1b00000|  0%| F|  |TAMS 0x00000000c1a00000, 0x00000000c1a00000| Untracked 
|   7|0x00000000c1b00000, 0x00000000c1b00000, 0x00000000c1c00000|  0%| F|  |TAMS 0x00000000c1b00000, 0x00000000c1b00000| Untracked 
|   8|0x00000000c1c00000, 0x00000000c1c00000, 0x00000000c1d00000|  0%| F|  |TAMS 0x00000000c1c00000, 0x00000000c1c00000| Untracked 
|   9|0x00000000c1d00000, 0x00000000c1d00000, 0x00000000c1e00000|  0%| F|  |TAMS 0x00000000c1d00000, 0x00000000c1d00000| Untracked 
|  10|0x00000000c1e00000, 0x00000000c1e00000, 0x00000000c1f00000|  0%| F|  |TAMS 0x00000000c1e00000, 0x00000000c1e00000| Untracked 
|  11|0x00000000c1f00000, 0x00000000c1f00000, 0x00000000c2000000|  0%| F|  |TAMS 0x00000000c1f00000, 0x00000000c1f00000| Untracked 
|  12|0x00000000c2000000, 0x00000000c2000000, 0x00000000c2100000|  0%| F|  |TAMS 0x00000000c2000000, 0x00000000c2000000| Untracked 
|  13|0x00000000c2100000, 0x00000000c2100000, 0x00000000c2200000|  0%| F|  |TAMS 0x00000000c2100000, 0x00000000c2100000| Untracked 
|  14|0x00000000c2200000, 0x00000000c2200000, 0x00000000c2300000|  0%| F|  |TAMS 0x00000000c2200000, 0x00000000c2200000| Untracked 
|  15|0x00000000c2300000, 0x00000000c2300000, 0x00000000c2400000|  0%| F|  |TAMS 0x00000000c2300000, 0x00000000c2300000| Untracked 
|  16|0x00000000c2400000, 0x00000000c2400000, 0x00000000c2500000|  0%| F|  |TAMS 0x00000000c2400000, 0x00000000c2400000| Untracked 
|  17|0x00000000c2500000, 0x00000000c2500000, 0x00000000c2600000|  0%| F|  |TAMS 0x00000000c2500000, 0x00000000c2500000| Untracked 
|  18|0x00000000c2600000, 0x00000000c2600000, 0x00000000c2700000|  0%| F|  |TAMS 0x00000000c2600000, 0x00000000c2600000| Untracked 
|  19|0x00000000c2700000, 0x00000000c2700000, 0x00000000c2800000|  0%| F|  |TAMS 0x00000000c2700000, 0x00000000c2700000| Untracked 
|  20|0x00000000c2800000, 0x00000000c2800000, 0x00000000c2900000|  0%| F|  |TAMS 0x00000000c2800000, 0x00000000c2800000| Untracked 
|  21|0x00000000c2900000, 0x00000000c2900000, 0x00000000c2a00000|  0%| F|  |TAMS 0x00000000c2900000, 0x00000000c2900000| Untracked 
|  22|0x00000000c2a00000, 0x00000000c2a00000, 0x00000000c2b00000|  0%| F|  |TAMS 0x00000000c2a00000, 0x00000000c2a00000| Untracked 
|  23|0x00000000c2b00000, 0x00000000c2b00000, 0x00000000c2c00000|  0%| F|  |TAMS 0x00000000c2b00000, 0x00000000c2b00000| Untracked 
|  24|0x00000000c2c00000, 0x00000000c2c00000, 0x00000000c2d00000|  0%| F|  |TAMS 0x00000000c2c00000, 0x00000000c2c00000| Untracked 
|  25|0x00000000c2d00000, 0x00000000c2d00000, 0x00000000c2e00000|  0%| F|  |TAMS 0x00000000c2d00000, 0x00000000c2d00000| Untracked 
|  26|0x00000000c2e00000, 0x00000000c2e00000, 0x00000000c2f00000|  0%| F|  |TAMS 0x00000000c2e00000, 0x00000000c2e00000| Untracked 
|  27|0x00000000c2f00000, 0x00000000c2f00000, 0x00000000c3000000|  0%| F|  |TAMS 0x00000000c2f00000, 0x00000000c2f00000| Untracked 
|  28|0x00000000c3000000, 0x00000000c3000000, 0x00000000c3100000|  0%| F|  |TAMS 0x00000000c3000000, 0x00000000c3000000| Untracked 
|  29|0x00000000c3100000, 0x00000000c3100000, 0x00000000c3200000|  0%| F|  |TAMS 0x00000000c3100000, 0x00000000c3100000| Untracked 
|  30|0x00000000c3200000, 0x00000000c3200000, 0x00000000c3300000|  0%| F|  |TAMS 0x00000000c3200000, 0x00000000c3200000| Untracked 
|  31|0x00000000c3300000, 0x00000000c3300000, 0x00000000c3400000|  0%| F|  |TAMS 0x00000000c3300000, 0x00000000c3300000| Untracked 
|  32|0x00000000c3400000, 0x00000000c3400000, 0x00000000c3500000|  0%| F|  |TAMS 0x00000000c3400000, 0x00000000c3400000| Untracked 
|  33|0x00000000c3500000, 0x00000000c3500000, 0x00000000c3600000|  0%| F|  |TAMS 0x00000000c3500000, 0x00000000c3500000| Untracked 
|  34|0x00000000c3600000, 0x00000000c3600000, 0x00000000c3700000|  0%| F|  |TAMS 0x00000000c3600000, 0x00000000c3600000| Untracked 
|  35|0x00000000c3700000, 0x00000000c3700000, 0x00000000c3800000|  0%| F|  |TAMS 0x00000000c3700000, 0x00000000c3700000| Untracked 
|  36|0x00000000c3800000, 0x00000000c3800000, 0x00000000c3900000|  0%| F|  |TAMS 0x00000000c3800000, 0x00000000c3800000| Untracked 
|  37|0x00000000c3900000, 0x00000000c3900000, 0x00000000c3a00000|  0%| F|  |TAMS 0x00000000c3900000, 0x00000000c3900000| Untracked 
|  38|0x00000000c3a00000, 0x00000000c3a00000, 0x00000000c3b00000|  0%| F|  |TAMS 0x00000000c3a00000, 0x00000000c3a00000| Untracked 
|  39|0x00000000c3b00000, 0x00000000c3b00000, 0x00000000c3c00000|  0%| F|  |TAMS 0x00000000c3b00000, 0x00000000c3b00000| Untracked 
|  40|0x00000000c3c00000, 0x00000000c3c00000, 0x00000000c3d00000|  0%| F|  |TAMS 0x00000000c3c00000, 0x00000000c3c00000| Untracked 
|  41|0x00000000c3d00000, 0x00000000c3d00000, 0x00000000c3e00000|  0%| F|  |TAMS 0x00000000c3d00000, 0x00000000c3d00000| Untracked 
|  42|0x00000000c3e00000, 0x00000000c3e00000, 0x00000000c3f00000|  0%| F|  |TAMS 0x00000000c3e00000, 0x00000000c3e00000| Untracked 
|  43|0x00000000c3f00000, 0x00000000c3f00000, 0x00000000c4000000|  0%| F|  |TAMS 0x00000000c3f00000, 0x00000000c3f00000| Untracked 
|  44|0x00000000c4000000, 0x00000000c4000000, 0x00000000c4100000|  0%| F|  |TAMS 0x00000000c4000000, 0x00000000c4000000| Untracked 
|  45|0x00000000c4100000, 0x00000000c4100000, 0x00000000c4200000|  0%| F|  |TAMS 0x00000000c4100000, 0x00000000c4100000| Untracked 
|  46|0x00000000c4200000, 0x00000000c4200000, 0x00000000c4300000|  0%| F|  |TAMS 0x00000000c4200000, 0x00000000c4200000| Untracked 
|  47|0x00000000c4300000, 0x00000000c4300000, 0x00000000c4400000|  0%| F|  |TAMS 0x00000000c4300000, 0x00000000c4300000| Untracked 
|  48|0x00000000c4400000, 0x00000000c4400000, 0x00000000c4500000|  0%| F|  |TAMS 0x00000000c4400000, 0x00000000c4400000| Untracked 
|  49|0x00000000c4500000, 0x00000000c4600000, 0x00000000c4600000|100%| S|CS|TAMS 0x00000000c4500000, 0x00000000c4500000| Complete 
|  50|0x00000000c4600000, 0x00000000c4700000, 0x00000000c4700000|100%| S|CS|TAMS 0x00000000c4600000, 0x00000000c4600000| Complete 
|  51|0x00000000c4700000, 0x00000000c4700000, 0x00000000c4800000|  0%| F|  |TAMS 0x00000000c4700000, 0x00000000c4700000| Untracked 
|  52|0x00000000c4800000, 0x00000000c4800000, 0x00000000c4900000|  0%| F|  |TAMS 0x00000000c4800000, 0x00000000c4800000| Untracked 
|  53|0x00000000c4900000, 0x00000000c4977f48, 0x00000000c4a00000| 46%| E|  |TAMS 0x00000000c4900000, 0x00000000c4900000| Complete 
|  54|0x00000000c4a00000, 0x00000000c4b00000, 0x00000000c4b00000|100%| E|CS|TAMS 0x00000000c4a00000, 0x00000000c4a00000| Complete 
|  55|0x00000000c4b00000, 0x00000000c4c00000, 0x00000000c4c00000|100%| E|  |TAMS 0x00000000c4b00000, 0x00000000c4b00000| Complete 
|  56|0x00000000c4c00000, 0x00000000c4d00000, 0x00000000c4d00000|100%| E|CS|TAMS 0x00000000c4c00000, 0x00000000c4c00000| Complete 
|  57|0x00000000c4d00000, 0x00000000c4e00000, 0x00000000c4e00000|100%| E|CS|TAMS 0x00000000c4d00000, 0x00000000c4d00000| Complete 
|  58|0x00000000c4e00000, 0x00000000c4f00000, 0x00000000c4f00000|100%| E|CS|TAMS 0x00000000c4e00000, 0x00000000c4e00000| Complete 
|  59|0x00000000c4f00000, 0x00000000c5000000, 0x00000000c5000000|100%| E|CS|TAMS 0x00000000c4f00000, 0x00000000c4f00000| Complete 
|  60|0x00000000c5000000, 0x00000000c5100000, 0x00000000c5100000|100%| E|CS|TAMS 0x00000000c5000000, 0x00000000c5000000| Complete 
|  61|0x00000000c5100000, 0x00000000c5200000, 0x00000000c5200000|100%| E|CS|TAMS 0x00000000c5100000, 0x00000000c5100000| Complete 
|  62|0x00000000c5200000, 0x00000000c5300000, 0x00000000c5300000|100%| E|CS|TAMS 0x00000000c5200000, 0x00000000c5200000| Complete 
|  63|0x00000000c5300000, 0x00000000c5400000, 0x00000000c5400000|100%| E|CS|TAMS 0x00000000c5300000, 0x00000000c5300000| Complete 

Card table byte_map: [0x0000022e7f830000,0x0000022e7fa30000] _byte_map_base: 0x0000022e7f226000

Marking Bits (Prev, Next): (CMBitMap*) 0x0000022e7d7bbdf0, (CMBitMap*) 0x0000022e7d7bbe30
 Prev Bits: [0x0000022e16a70000, 0x0000022e17a20000)
 Next Bits: [0x0000022e17a20000, 0x0000022e189d0000)

Polling page: 0x0000022e7d830000

Metaspace:

Usage:
  Non-class:      6.65 MB used.
      Class:    570.34 KB used.
       Both:      7.21 MB used.

Virtual space:
  Non-class space:       64.00 MB reserved,       6.75 MB ( 11%) committed,  1 nodes.
      Class space:        1.00 GB reserved,     640.00 KB ( <1%) committed,  1 nodes.
             Both:        1.06 GB reserved,       7.38 MB ( <1%) committed. 

Chunk freelists:
   Non-Class:  7.45 MB
       Class:  15.34 MB
        Both:  22.80 MB

MaxMetaspaceSize: unlimited
CompressedClassSpaceSize: 1.00 GB
Initial GC threshold: 21.00 MB
Current GC threshold: 21.00 MB
CDS: on
MetaspaceReclaimPolicy: balanced
 - commit_granule_bytes: 65536.
 - commit_granule_words: 8192.
 - virtual_space_node_default_size: 8388608.
 - enlarge_chunks_in_place: 1.
 - new_chunks_are_fully_committed: 0.
 - uncommit_free_chunks: 1.
 - use_allocation_guard: 0.
 - handle_deallocations: 1.


Internal statistics:

num_allocs_failed_limit: 0.
num_arena_births: 90.
num_arena_deaths: 0.
num_vsnodes_births: 2.
num_vsnodes_deaths: 0.
num_space_committed: 116.
num_space_uncommitted: 0.
num_chunks_returned_to_freelist: 0.
num_chunks_taken_from_freelist: 284.
num_chunk_merges: 0.
num_chunk_splits: 213.
num_chunks_enlarged: 169.
num_inconsistent_stats: 0.

CodeHeap 'non-profiled nmethods': size=120000Kb used=456Kb max_used=456Kb free=119543Kb
 bounds [0x0000022e0f540000, 0x0000022e0f7b0000, 0x0000022e16a70000]
CodeHeap 'profiled nmethods': size=120000Kb used=2205Kb max_used=2205Kb free=117795Kb
 bounds [0x0000022e07a70000, 0x0000022e07ce0000, 0x0000022e0efa0000]
CodeHeap 'non-nmethods': size=5760Kb used=1741Kb max_used=1742Kb free=4018Kb
 bounds [0x0000022e0efa0000, 0x0000022e0f210000, 0x0000022e0f540000]
 total_blobs=2344 nmethods=1218 adapters=1039
 compilation: enabled
              stopped_count=0, restarted_count=0
 full_count=0

Compilation events (20 events):
Event: 6.732 Thread 0x0000022e1ac98c90 1209       3       sun.net.www.ParseUtil::firstEncodeIndex (86 bytes)
Event: 6.733 Thread 0x0000022e1ac98c90 nmethod 1209 0x0000022e07c92590 code [0x0000022e07c927e0, 0x0000022e07c931e8]
Event: 6.739 Thread 0x0000022e1ac98c90 1210       3       org.lwjgl.system.MemoryUtil::memASCII (54 bytes)
Event: 6.740 Thread 0x0000022e1ac98c90 nmethod 1210 0x0000022e07c93610 code [0x0000022e07c93840, 0x0000022e07c94178]
Event: 6.740 Thread 0x0000022e1ac98c90 1211       3       java.lang.String::<init> (127 bytes)
Event: 6.741 Thread 0x0000022e1ac98c90 nmethod 1211 0x0000022e07c94410 code [0x0000022e07c94600, 0x0000022e07c94b48]
Event: 6.744 Thread 0x0000022e1ac98c90 1212       3       com.badlogic.gdx.math.Vector2::<init> (5 bytes)
Event: 6.744 Thread 0x0000022e1ac98c90 nmethod 1212 0x0000022e07c94d10 code [0x0000022e07c94ea0, 0x0000022e07c94ff8]
Event: 6.747 Thread 0x0000022e1ac98290 1213   !   4       jdk.internal.loader.URLClassPath$JarLoader::getResource (65 bytes)
Event: 6.774 Thread 0x0000022e1ac98c90 1214   !   3       java.nio.DirectByteBuffer::get (33 bytes)
Event: 6.775 Thread 0x0000022e1ac98c90 nmethod 1214 0x0000022e07c95090 code [0x0000022e07c95300, 0x0000022e07c95e28]
Event: 6.775 Thread 0x0000022e1ac98c90 1215       3       java.nio.Buffer::nextGetIndex (30 bytes)
Event: 6.776 Thread 0x0000022e1ac98c90 nmethod 1215 0x0000022e07c96490 code [0x0000022e07c96640, 0x0000022e07c96888]
Event: 6.784 Thread 0x0000022e1ac98c90 1216       3       java.security.AccessController::executePrivileged (65 bytes)
Event: 6.785 Thread 0x0000022e1ac98c90 nmethod 1216 0x0000022e07c96990 code [0x0000022e07c96b60, 0x0000022e07c96e78]
Event: 6.785 Thread 0x0000022e1ac98c90 1217       1       java.util.Collections$EmptyList::isEmpty (2 bytes)
Event: 6.785 Thread 0x0000022e1ac98c90 nmethod 1217 0x0000022e0f5af210 code [0x0000022e0f5af3a0, 0x0000022e0f5af478]
Event: 6.805 Thread 0x0000022e1ac98290 nmethod 1213 0x0000022e0f5af510 code [0x0000022e0f5af840, 0x0000022e0f5b0f78]
Event: 7.081 Thread 0x0000022e1ac98c90 1218       3       java.security.SecureClassLoader::defineClass (16 bytes)
Event: 7.081 Thread 0x0000022e1ac98c90 nmethod 1218 0x0000022e07c97010 code [0x0000022e07c971c0, 0x0000022e07c97358]

GC Heap History (2 events):
Event: 2.014 GC heap before
{Heap before GC invocations=0 (full 0):
 garbage-first heap   total 65536K, used 13312K [0x00000000c1400000, 0x0000000100000000)
  region size 1024K, 13 young (13312K), 0 survivors (0K)
 Metaspace       used 3957K, committed 4096K, reserved 1114112K
  class space    used 315K, committed 384K, reserved 1048576K
}
Event: 2.020 GC heap after
{Heap after GC invocations=1 (full 0):
 garbage-first heap   total 65536K, used 2370K [0x00000000c1400000, 0x0000000100000000)
  region size 1024K, 2 young (2048K), 2 survivors (2048K)
 Metaspace       used 3957K, committed 4096K, reserved 1114112K
  class space    used 315K, committed 384K, reserved 1048576K
}

Dll operation events (10 events):
Event: 0.020 Loaded shared library C:\Program Files\Eclipse Adoptium\jdk-17.0.11.9-hotspot\bin\java.dll
Event: 0.144 Loaded shared library C:\Program Files\Eclipse Adoptium\jdk-17.0.11.9-hotspot\bin\jsvml.dll
Event: 0.409 Loaded shared library C:\Program Files\Eclipse Adoptium\jdk-17.0.11.9-hotspot\bin\net.dll
Event: 0.412 Loaded shared library C:\Program Files\Eclipse Adoptium\jdk-17.0.11.9-hotspot\bin\nio.dll
Event: 0.425 Loaded shared library C:\Program Files\Eclipse Adoptium\jdk-17.0.11.9-hotspot\bin\zip.dll
Event: 0.675 Loaded shared library C:\Program Files\Eclipse Adoptium\jdk-17.0.11.9-hotspot\bin\jimage.dll
Event: 0.700 Loaded shared library C:\ProgramData\libGDX-temp\libgdxLenovo\2a9d7f76\gdx64.dll
Event: 0.866 Loaded shared library C:\ProgramData\libGDX-temp\lwjgl_Lenovo\3.3.3+5\x64\lwjgl.dll
Event: 2.001 Loaded shared library C:\ProgramData\libGDX-temp\lwjgl_Lenovo\3.3.3+5\x64\lwjgl_opengl.dll
Event: 6.770 Loaded shared library C:\ProgramData\libGDX-temp\libgdxLenovo\5e84b8da\gdx-box2d64.dll

Deoptimization events (20 events):
Event: 2.512 Thread 0x0000022e7d781050 DEOPT PACKING pc=0x0000022e07ae2934 sp=0x0000009055efd4c0
Event: 2.512 Thread 0x0000022e7d781050 DEOPT UNPACKING pc=0x0000022e0eff7143 sp=0x0000009055efc9a0 mode 1
Event: 2.512 Thread 0x0000022e7d781050 DEOPT PACKING pc=0x0000022e07b6830c sp=0x0000009055efd6a0
Event: 2.512 Thread 0x0000022e7d781050 DEOPT UNPACKING pc=0x0000022e0eff7143 sp=0x0000009055efcb00 mode 1
Event: 2.512 Thread 0x0000022e7d781050 DEOPT PACKING pc=0x0000022e07afce74 sp=0x0000009055efd730
Event: 2.512 Thread 0x0000022e7d781050 DEOPT UNPACKING pc=0x0000022e0eff7143 sp=0x0000009055efcca0 mode 1
Event: 2.854 Thread 0x0000022e7d781050 DEOPT PACKING pc=0x0000022e07b3294f sp=0x0000009055efe000
Event: 2.854 Thread 0x0000022e7d781050 DEOPT UNPACKING pc=0x0000022e0eff7143 sp=0x0000009055efd460 mode 0
Event: 5.576 Thread 0x0000022e7d781050 Uncommon trap: trap_request=0xffffff45 fr.pc=0x0000022e0f582ee0 relative=0x0000000000001680
Event: 5.576 Thread 0x0000022e7d781050 Uncommon trap: reason=unstable_if action=reinterpret pc=0x0000022e0f582ee0 method=java.io.WinNTFileSystem.normalize(Ljava/lang/String;)Ljava/lang/String; @ 128 c2
Event: 5.576 Thread 0x0000022e7d781050 DEOPT PACKING pc=0x0000022e0f582ee0 sp=0x0000009055efea70
Event: 5.576 Thread 0x0000022e7d781050 DEOPT UNPACKING pc=0x0000022e0eff69a3 sp=0x0000009055efeab8 mode 2
Event: 6.712 Thread 0x0000022e7d781050 Uncommon trap: trap_request=0xffffff45 fr.pc=0x0000022e0f597e60 relative=0x00000000000000c0
Event: 6.713 Thread 0x0000022e7d781050 Uncommon trap: reason=unstable_if action=reinterpret pc=0x0000022e0f597e60 method=sun.net.www.ParseUtil.match(CJJ)Z @ 13 c2
Event: 6.713 Thread 0x0000022e7d781050 DEOPT PACKING pc=0x0000022e0f597e60 sp=0x0000009055efe500
Event: 6.713 Thread 0x0000022e7d781050 DEOPT UNPACKING pc=0x0000022e0eff69a3 sp=0x0000009055efe420 mode 2
Event: 7.634 Thread 0x0000022e7d781050 DEOPT PACKING pc=0x0000022e07bd11fc sp=0x0000009055efd570
Event: 7.634 Thread 0x0000022e7d781050 DEOPT UNPACKING pc=0x0000022e0eff7143 sp=0x0000009055efca08 mode 1
Event: 7.634 Thread 0x0000022e7d781050 DEOPT PACKING pc=0x0000022e07bd06dc sp=0x0000009055efd640
Event: 7.634 Thread 0x0000022e7d781050 DEOPT UNPACKING pc=0x0000022e0eff7143 sp=0x0000009055efcaf8 mode 1

Classes unloaded (0 events):
No events

Classes redefined (0 events):
No events

Internal exceptions (20 events):
Event: 0.860 Thread 0x0000022e7d781050 Exception <a 'sun/nio/fs/WindowsException'{0x00000000c4c13828}> (0x00000000c4c13828) 
thrown [s\src\hotspot\share\prims\jni.cpp, line 516]
Event: 0.861 Thread 0x0000022e7d781050 Exception <a 'sun/nio/fs/WindowsException'{0x00000000c4c13d50}> (0x00000000c4c13d50) 
thrown [s\src\hotspot\share\prims\jni.cpp, line 516]
Event: 1.044 Thread 0x0000022e7d781050 Exception <a 'java/lang/NoSuchMethodError'{0x00000000c4cfb260}: 'int java.lang.invoke.DirectMethodHandle$Holder.invokeStaticInit(java.lang.Object, java.lang.Object, int, long)'> (0x00000000c4cfb260) 
thrown [s\src\hotspot\share\interpreter\linkResolver.cpp, line 759]
Event: 1.046 Thread 0x0000022e7d781050 Exception <a 'java/lang/NoSuchMethodError'{0x00000000c4b01030}: 'java.lang.Object java.lang.invoke.DirectMethodHandle$Holder.newInvokeSpecial(java.lang.Object, java.lang.Object, int)'> (0x00000000c4b01030) 
thrown [s\src\hotspot\share\interpreter\linkResolver.cpp, line 759]
Event: 1.051 Thread 0x0000022e7d781050 Exception <a 'java/lang/NoSuchMethodError'{0x00000000c4b15c38}: 'int java.lang.invoke.DirectMethodHandle$Holder.invokeStaticInit(java.lang.Object, java.lang.Object, long, long)'> (0x00000000c4b15c38) 
thrown [s\src\hotspot\share\interpreter\linkResolver.cpp, line 759]
Event: 1.053 Thread 0x0000022e7d781050 Exception <a 'java/lang/NoSuchMethodError'{0x00000000c4b1bd48}: 'java.lang.Object java.lang.invoke.DirectMethodHandle$Holder.newInvokeSpecial(java.lang.Object, java.lang.Object, long)'> (0x00000000c4b1bd48) 
thrown [s\src\hotspot\share\interpreter\linkResolver.cpp, line 759]
Event: 1.054 Thread 0x0000022e7d781050 Exception <a 'java/lang/NoSuchMethodError'{0x00000000c4b1fdf8}: 'java.lang.Object java.lang.invoke.Invokers$Holder.linkToTargetMethod(java.lang.Object, long, java.lang.Object)'> (0x00000000c4b1fdf8) 
thrown [s\src\hotspot\share\interpreter\linkResolver.cpp, line 759]
Event: 1.056 Thread 0x0000022e7d781050 Exception <a 'java/lang/NoSuchMethodError'{0x00000000c4b27510}: 'int java.lang.invoke.DirectMethodHandle$Holder.invokeStaticInit(java.lang.Object, java.lang.Object, java.lang.Object, long)'> (0x00000000c4b27510) 
thrown [s\src\hotspot\share\interpreter\linkResolver.cpp, line 759]
Event: 1.103 Thread 0x0000022e7d781050 Exception <a 'sun/nio/fs/WindowsException'{0x00000000c4bdba88}> (0x00000000c4bdba88) 
thrown [s\src\hotspot\share\prims\jni.cpp, line 516]
Event: 1.103 Thread 0x0000022e7d781050 Exception <a 'sun/nio/fs/WindowsException'{0x00000000c4bdbdf8}> (0x00000000c4bdbdf8) 
thrown [s\src\hotspot\share\prims\jni.cpp, line 516]
Event: 1.179 Thread 0x0000022e7d781050 Exception <a 'sun/nio/fs/WindowsException'{0x00000000c4aa27f8}> (0x00000000c4aa27f8) 
thrown [s\src\hotspot\share\prims\jni.cpp, line 516]
Event: 1.179 Thread 0x0000022e7d781050 Exception <a 'sun/nio/fs/WindowsException'{0x00000000c4aa2b38}> (0x00000000c4aa2b38) 
thrown [s\src\hotspot\share\prims\jni.cpp, line 516]
Event: 1.298 Thread 0x0000022e7d781050 Exception <a 'sun/nio/fs/WindowsException'{0x00000000c4972cd8}> (0x00000000c4972cd8) 
thrown [s\src\hotspot\share\prims\jni.cpp, line 516]
Event: 1.299 Thread 0x0000022e7d781050 Exception <a 'sun/nio/fs/WindowsException'{0x00000000c4973030}> (0x00000000c4973030) 
thrown [s\src\hotspot\share\prims\jni.cpp, line 516]
Event: 1.552 Thread 0x0000022e7d781050 Exception <a 'java/lang/NoSuchMethodError'{0x00000000c49c20f0}: 'java.lang.Object java.lang.invoke.DirectMethodHandle$Holder.newInvokeSpecial(java.lang.Object, long)'> (0x00000000c49c20f0) 
thrown [s\src\hotspot\share\interpreter\linkResolver.cpp, line 759]
Event: 1.956 Thread 0x0000022e7d781050 Exception <a 'java/lang/NoSuchMethodError'{0x00000000c47728a8}: 'void java.lang.invoke.DirectMethodHandle$Holder.invokeStatic(java.lang.Object, long)'> (0x00000000c47728a8) 
thrown [s\src\hotspot\share\interpreter\linkResolver.cpp, line 759]
Event: 1.997 Thread 0x0000022e7d781050 Exception <a 'sun/nio/fs/WindowsException'{0x00000000c47ae228}> (0x00000000c47ae228) 
thrown [s\src\hotspot\share\prims\jni.cpp, line 516]
Event: 1.997 Thread 0x0000022e7d781050 Exception <a 'sun/nio/fs/WindowsException'{0x00000000c47ae5a8}> (0x00000000c47ae5a8) 
thrown [s\src\hotspot\share\prims\jni.cpp, line 516]
Event: 2.007 Thread 0x0000022e7d781050 Exception <a 'sun/nio/fs/WindowsException'{0x00000000c47bf3c8}> (0x00000000c47bf3c8) 
thrown [s\src\hotspot\share\prims\jni.cpp, line 516]
Event: 2.007 Thread 0x0000022e7d781050 Exception <a 'sun/nio/fs/WindowsException'{0x00000000c47bf680}> (0x00000000c47bf680) 
thrown [s\src\hotspot\share\prims\jni.cpp, line 516]

VM Operations (20 events):
Event: 7.531 Executing VM operation: get/set locals
Event: 7.531 Executing VM operation: get/set locals done
Event: 7.531 Executing VM operation: get/set locals
Event: 7.531 Executing VM operation: get/set locals done
Event: 7.531 Executing VM operation: get/set locals
Event: 7.531 Executing VM operation: get/set locals done
Event: 7.531 Executing VM operation: get/set locals
Event: 7.531 Executing VM operation: get/set locals done
Event: 9.768 Executing VM operation: ChangeSingleStep
Event: 9.768 Executing VM operation: ChangeSingleStep done
Event: 9.770 Executing VM operation: ChangeSingleStep
Event: 9.770 Executing VM operation: ChangeSingleStep done
Event: 10.298 Executing VM operation: get/set locals
Event: 10.298 Executing VM operation: get/set locals done
Event: 10.300 Executing VM operation: get/set locals
Event: 10.300 Executing VM operation: get/set locals done
Event: 12.007 Executing VM operation: ChangeSingleStep
Event: 12.008 Executing VM operation: ChangeSingleStep done
Event: 12.013 Executing VM operation: ChangeSingleStep
Event: 12.013 Executing VM operation: ChangeSingleStep done

Events (20 events):
Event: 5.905 loading class sun/reflect/generics/tree/Signature
Event: 5.905 loading class sun/reflect/generics/tree/Signature done
Event: 5.905 loading class sun/reflect/generics/tree/ClassSignature done
Event: 5.906 loading class sun/reflect/generics/tree/TypeVariableSignature
Event: 5.906 loading class sun/reflect/generics/tree/TypeVariableSignature done
Event: 5.906 loading class java/lang/reflect/TypeVariable
Event: 5.906 loading class java/lang/reflect/TypeVariable done
Event: 5.906 loading class sun/reflect/generics/reflectiveObjects/TypeVariableImpl
Event: 5.906 loading class sun/reflect/generics/reflectiveObjects/LazyReflectiveObjectGenerator
Event: 5.906 loading class sun/reflect/generics/reflectiveObjects/LazyReflectiveObjectGenerator done
Event: 5.906 loading class sun/reflect/generics/reflectiveObjects/TypeVariableImpl done
Event: 5.907 loading class java/lang/Deprecated
Event: 5.907 loading class java/lang/Deprecated done
Event: 5.909 loading class jdk/internal/reflect/UnsafeQualifiedObjectFieldAccessorImpl
Event: 5.913 loading class jdk/internal/reflect/UnsafeQualifiedFieldAccessorImpl
Event: 5.918 loading class jdk/internal/reflect/UnsafeQualifiedFieldAccessorImpl done
Event: 5.918 loading class jdk/internal/reflect/UnsafeQualifiedObjectFieldAccessorImpl done
Event: 5.918 loading class jdk/internal/reflect/UnsafeIntegerFieldAccessorImpl
Event: 5.922 loading class jdk/internal/reflect/UnsafeIntegerFieldAccessorImpl done
Event: 6.783 Thread 0x0000022e61a6a2d0 Thread added: 0x0000022e61a6a2d0


Dynamic libraries:
0x00007ff6f00f0000 - 0x00007ff6f00fe000 	C:\Program Files\Eclipse Adoptium\jdk-17.0.11.9-hotspot\bin\java.exe
0x00007ffed4ff0000 - 0x00007ffed51e8000 	C:\Windows\SYSTEM32\ntdll.dll
0x00007ffed3370000 - 0x00007ffed3432000 	C:\Windows\System32\KERNEL32.DLL
0x00007ffed2960000 - 0x00007ffed2c5e000 	C:\Windows\System32\KERNELBASE.dll
0x00007ffed2df0000 - 0x00007ffed2ef0000 	C:\Windows\System32\ucrtbase.dll
0x00007ffec4100000 - 0x00007ffec4117000 	C:\Program Files\Eclipse Adoptium\jdk-17.0.11.9-hotspot\bin\jli.dll
0x00007ffec42e0000 - 0x00007ffec42fb000 	C:\Program Files\Eclipse Adoptium\jdk-17.0.11.9-hotspot\bin\VCRUNTIME140.dll
0x00007ffed3440000 - 0x00007ffed35dd000 	C:\Windows\System32\USER32.dll
0x00007ffebf0b0000 - 0x00007ffebf34a000 	C:\Windows\WinSxS\amd64_microsoft.windows.common-controls_6595b64144ccf1df_6.0.19041.4355_none_60b8b9eb71f62e16\COMCTL32.dll
0x00007ffed43e0000 - 0x00007ffed447e000 	C:\Windows\System32\msvcrt.dll
0x00007ffed47b0000 - 0x00007ffed47db000 	C:\Windows\System32\GDI32.dll
0x00007ffed2d50000 - 0x00007ffed2d72000 	C:\Windows\System32\win32u.dll
0x00007ffed2ef0000 - 0x00007ffed3007000 	C:\Windows\System32\gdi32full.dll
0x00007ffed2c60000 - 0x00007ffed2cfd000 	C:\Windows\System32\msvcp_win.dll
0x00007ffed35e0000 - 0x00007ffed360f000 	C:\Windows\System32\IMM32.DLL
0x00007ffece910000 - 0x00007ffece91c000 	C:\Program Files\Eclipse Adoptium\jdk-17.0.11.9-hotspot\bin\vcruntime140_1.dll
0x00007ffeb1400000 - 0x00007ffeb148d000 	C:\Program Files\Eclipse Adoptium\jdk-17.0.11.9-hotspot\bin\msvcp140.dll
0x00007ffe782d0000 - 0x00007ffe78f32000 	C:\Program Files\Eclipse Adoptium\jdk-17.0.11.9-hotspot\bin\server\jvm.dll
0x00007ffed3610000 - 0x00007ffed36c1000 	C:\Windows\System32\ADVAPI32.dll
0x00007ffed4960000 - 0x00007ffed49ff000 	C:\Windows\System32\sechost.dll
0x00007ffed4db0000 - 0x00007ffed4ed3000 	C:\Windows\System32\RPCRT4.dll
0x00007ffed2720000 - 0x00007ffed2747000 	C:\Windows\System32\bcrypt.dll
0x00007ffecb470000 - 0x00007ffecb479000 	C:\Windows\SYSTEM32\WSOCK32.dll
0x00007ffed1bf0000 - 0x00007ffed1c3b000 	C:\Windows\SYSTEM32\POWRPROF.dll
0x00007ffed4ae0000 - 0x00007ffed4b4b000 	C:\Windows\System32\WS2_32.dll
0x00007ffeca060000 - 0x00007ffeca06a000 	C:\Windows\SYSTEM32\VERSION.dll
0x00007ffec4ed0000 - 0x00007ffec4ef7000 	C:\Windows\SYSTEM32\WINMM.dll
0x00007ffed1a60000 - 0x00007ffed1a72000 	C:\Windows\SYSTEM32\UMPDC.dll
0x00007ffed04d0000 - 0x00007ffed04e2000 	C:\Windows\SYSTEM32\kernel.appcore.dll
0x00007ffeccbc0000 - 0x00007ffeccbca000 	C:\Program Files\Eclipse Adoptium\jdk-17.0.11.9-hotspot\bin\jimage.dll
0x00007ffec8ae0000 - 0x00007ffec8cc4000 	C:\Windows\SYSTEM32\DBGHELP.DLL
0x00007ffec8aa0000 - 0x00007ffec8ad4000 	C:\Windows\SYSTEM32\dbgcore.DLL
0x00007ffed2690000 - 0x00007ffed2712000 	C:\Windows\System32\bcryptPrimitives.dll
0x00007ffeb10f0000 - 0x00007ffeb112b000 	C:\Program Files\Eclipse Adoptium\jdk-17.0.11.9-hotspot\bin\jdwp.dll
0x00007ffebd4a0000 - 0x00007ffebd4c5000 	C:\Program Files\Eclipse Adoptium\jdk-17.0.11.9-hotspot\bin\java.dll
0x00007ffeacc20000 - 0x00007ffeaccf7000 	C:\Program Files\Eclipse Adoptium\jdk-17.0.11.9-hotspot\bin\jsvml.dll
0x00007ffed3800000 - 0x00007ffed3f6d000 	C:\Windows\System32\SHELL32.dll
0x00007ffed06d0000 - 0x00007ffed0e73000 	C:\Windows\SYSTEM32\windows.storage.dll
0x00007ffed3010000 - 0x00007ffed3363000 	C:\Windows\System32\combase.dll
0x00007ffed20c0000 - 0x00007ffed20ee000 	C:\Windows\SYSTEM32\Wldp.dll
0x00007ffed47f0000 - 0x00007ffed48bd000 	C:\Windows\System32\OLEAUT32.dll
0x00007ffed4530000 - 0x00007ffed45dd000 	C:\Windows\System32\SHCORE.dll
0x00007ffed4f50000 - 0x00007ffed4fa5000 	C:\Windows\System32\shlwapi.dll
0x00007ffed25c0000 - 0x00007ffed25e4000 	C:\Windows\SYSTEM32\profapi.dll
0x00007ffeccb20000 - 0x00007ffeccb2c000 	C:\Program Files\Eclipse Adoptium\jdk-17.0.11.9-hotspot\bin\dt_socket.dll
0x00007ffed1a80000 - 0x00007ffed1abb000 	C:\Windows\SYSTEM32\IPHLPAPI.DLL
0x00007ffed1e00000 - 0x00007ffed1e6a000 	C:\Windows\system32\mswsock.dll
0x00007ffebeed0000 - 0x00007ffebeee9000 	C:\Program Files\Eclipse Adoptium\jdk-17.0.11.9-hotspot\bin\net.dll
0x00007ffecdbe0000 - 0x00007ffecdced000 	C:\Windows\SYSTEM32\WINHTTP.dll
0x00007ffebd400000 - 0x00007ffebd416000 	C:\Program Files\Eclipse Adoptium\jdk-17.0.11.9-hotspot\bin\nio.dll
0x00007ffebef30000 - 0x00007ffebef48000 	C:\Program Files\Eclipse Adoptium\jdk-17.0.11.9-hotspot\bin\zip.dll
0x000000006e700000 - 0x000000006e72d000 	C:\ProgramData\libGDX-temp\libgdxLenovo\2a9d7f76\gdx64.dll
0x00007ffeaaca0000 - 0x00007ffeaad1b000 	C:\ProgramData\libGDX-temp\lwjgl_Lenovo\3.3.3+5\x64\lwjgl.dll
0x00007ffea7e50000 - 0x00007ffea80c0000 	C:\ProgramData\libGDX-temp\lwjgl_Lenovo\3.3.3+5\x64\jemalloc.dll
0x00007ffeaa590000 - 0x00007ffeaa612000 	C:\ProgramData\libGDX-temp\lwjgl_Lenovo\3.3.3+5\x64\glfw.dll
0x00007ffeb0d50000 - 0x00007ffeb0d95000 	C:\Windows\SYSTEM32\dinput8.dll
0x00007ffebc8c0000 - 0x00007ffebc8d1000 	C:\Windows\SYSTEM32\xinput1_4.dll
0x00007ffed2d00000 - 0x00007ffed2d4e000 	C:\Windows\System32\cfgmgr32.dll
0x00007ffed2420000 - 0x00007ffed2453000 	C:\Windows\SYSTEM32\DEVOBJ.dll
0x00007ffed01d0000 - 0x00007ffed01ff000 	C:\Windows\SYSTEM32\dwmapi.dll
0x00007ffec3860000 - 0x00007ffec39b2000 	C:\Windows\SYSTEM32\inputhost.dll
0x00007ffece580000 - 0x00007ffece672000 	C:\Windows\SYSTEM32\CoreMessaging.dll
0x00007ffece0a0000 - 0x00007ffece3fb000 	C:\Windows\SYSTEM32\CoreUIComponents.dll
0x00007ffecf2e0000 - 0x00007ffecf3d6000 	C:\Windows\SYSTEM32\PROPSYS.dll
0x00007ffed18f0000 - 0x00007ffed1923000 	C:\Windows\SYSTEM32\ntmarta.dll
0x00007ffecf550000 - 0x00007ffecf6a7000 	C:\Windows\SYSTEM32\wintypes.dll
0x00007ffecff40000 - 0x00007ffecffde000 	C:\Windows\system32\uxtheme.dll
0x00007ffed4c90000 - 0x00007ffed4da5000 	C:\Windows\System32\MSCTF.dll
0x00007ffea1940000 - 0x00007ffea1b07000 	C:\ProgramData\libGDX-temp\lwjgl_Lenovo\3.3.3+5\x64\OpenAL.dll
0x00007ffed36d0000 - 0x00007ffed37fb000 	C:\Windows\System32\ole32.dll
0x00007ffed4480000 - 0x00007ffed4529000 	C:\Windows\System32\clbcatq.dll
0x00007ffec8950000 - 0x00007ffec89d5000 	C:\Windows\System32\MMDevApi.dll
0x00007ffec5480000 - 0x00007ffec5601000 	C:\Windows\SYSTEM32\AUDIOSES.DLL
0x00007ffed00d0000 - 0x00007ffed00e4000 	C:\Windows\SYSTEM32\resourcepolicyclient.dll
0x00007ffeb4260000 - 0x00007ffeb4388000 	C:\Windows\SYSTEM32\opengl32.dll
0x00007ffeb41f0000 - 0x00007ffeb421c000 	C:\Windows\SYSTEM32\GLU32.dll
0x00007ffecc9e0000 - 0x00007ffeccae2000 	C:\Windows\System32\AppXDeploymentClient.dll
0x00007ffe71310000 - 0x00007ffe72028000 	C:\Windows\SYSTEM32\ig8icd64.dll
0x00007ffeccd40000 - 0x00007ffeccd54000 	C:\Windows\SYSTEM32\WTSAPI32.dll
0x00007ffec6b80000 - 0x00007ffec75bf000 	C:\Windows\SYSTEM32\igdusc64.dll
0x00007ffec8790000 - 0x00007ffec87cb000 	C:\Windows\SYSTEM32\dxcore.dll
0x00007ffed0ee0000 - 0x00007ffed0fd6000 	C:\Windows\SYSTEM32\dxgi.dll
0x00007ffecd1c0000 - 0x00007ffecd423000 	C:\Windows\SYSTEM32\d3d11.dll
0x00007ffec7690000 - 0x00007ffec85ee000 	C:\Windows\SYSTEM32\igd10iumd64.dll
0x00007ffed2130000 - 0x00007ffed2157000 	C:\Windows\SYSTEM32\ncrypt.dll
0x00007ffece9f0000 - 0x00007ffecea84000 	C:\Windows\SYSTEM32\apphelp.dll
0x00007ffed20f0000 - 0x00007ffed212b000 	C:\Windows\SYSTEM32\NTASN1.dll
0x00007ffecf4a0000 - 0x00007ffecf54e000 	C:\Windows\SYSTEM32\mscms.dll
0x00007ffed2580000 - 0x00007ffed25ae000 	C:\Windows\SYSTEM32\USERENV.dll
0x00007ffecf2c0000 - 0x00007ffecf2d1000 	C:\Windows\SYSTEM32\ColorAdapterClient.dll
0x00007ffeaf110000 - 0x00007ffeaf155000 	C:\Windows\SYSTEM32\icm32.dll
0x00007ffeab7a0000 - 0x00007ffeab7fe000 	C:\ProgramData\libGDX-temp\lwjgl_Lenovo\3.3.3+5\x64\lwjgl_opengl.dll
0x00007ffec39c0000 - 0x00007ffec3ab9000 	C:\Windows\SYSTEM32\textinputframework.dll
0x0000000066b00000 - 0x0000000066b5a000 	C:\ProgramData\libGDX-temp\libgdxLenovo\5e84b8da\gdx-box2d64.dll

dbghelp: loaded successfully - version: 4.0.5 - missing functions: none
symbol engine: initialized successfully - sym options: 0x614 - pdb path: .;C:\Program Files\Eclipse Adoptium\jdk-17.0.11.9-hotspot\bin;C:\Windows\SYSTEM32;C:\Windows\WinSxS\amd64_microsoft.windows.common-controls_6595b64144ccf1df_6.0.19041.4355_none_60b8b9eb71f62e16;C:\Program Files\Eclipse Adoptium\jdk-17.0.11.9-hotspot\bin\server;C:\ProgramData\libGDX-temp\libgdxLenovo\2a9d7f76;C:\ProgramData\libGDX-temp\lwjgl_Lenovo\3.3.3+5\x64;C:\ProgramData\libGDX-temp\libgdxLenovo\5e84b8da

VM Arguments:
jvm_args: -agentlib:jdwp=transport=dt_socket,server=n,suspend=y,address=127.0.0.1:51068 -Dfile.encoding=UTF-8 -Duser.country=US -Duser.language=en -Duser.variant 
java_command: io.github.some_example_name.lwjgl3.Lwjgl3Launcher
java_class_path (initial): C:\Users\Lenovo\Downloads\test\lwjgl3\build\classes\java\main;C:\Users\Lenovo\Downloads\test\lwjgl3\build\resources\main;C:\Users\Lenovo\.gradle\caches\modules-2\files-2.1\com.badlogicgames.gdx\gdx-backend-lwjgl3\1.12.1\12a144cacb34f0392cd8354f798d99e4836a51a8\gdx-backend-lwjgl3-1.12.1.jar;C:\Users\Lenovo\.gradle\caches\modules-2\files-2.1\com.badlogicgames.gdx\gdx-platform\1.12.1\5737be5ce3a4e8f9f77c2d9ab95ab479f9c3705f\gdx-platform-1.12.1-natives-desktop.jar;C:\Users\Lenovo\Downloads\test\core\build\libs\core-$projectVersion.jar;C:\Users\Lenovo\.gradle\caches\modules-2\files-2.1\com.github.tommyettinger\libgdx-utils-box2d\0.13.7\8880b2a4f7e60c5e3919b3c139c9f29a49f93924\libgdx-utils-box2d-0.13.7.jar;C:\Users\Lenovo\.gradle\caches\modules-2\files-2.1\com.github.tommyettinger\libgdx-utils\0.13.7\bf423b2da7c82c092e6a55edf6ff195d080dd689\libgdx-utils-0.13.7.jar;C:\Users\Lenovo\.gradle\caches\modules-2\files-2.1\com.badlogicgames.gdx\gdx-box2d\1.12.1\6c37ed04f97d062f1bdc4afe1f583182e539a269\gdx-box2d-1.12.1.jar;C:\Users\Lenovo\.gradle\caches\modules-2\files-2.1\com.badlogicgames.gdx\gdx\1.12.1\a2d066c09329c457045c284c42d6f37122840aa\gdx-1.12.1.jar;C:\Users\Lenovo\.gradle\caches\modules-2\files-2.1\org.lwjgl\lwjgl-glfw\3.3.3\efa1eb78c5ccd840e9f329717109b5e892d72f8e\lwjgl-glfw-3.3.3.jar;C:\Users\Lenovo\.gradle\caches\modules-2\files-2.1\org.lwjgl\lwjgl-glfw\3.3.3\a03684c5e4b1b1dbbe0d29dbbdc27b985b6840f2\lwjgl-glfw-3.3.3-natives-linux.jar;C:\Users\Lenovo\.gradle\caches\modules-2\files-2.1\org.lwjgl\lwjgl-glfw\3.3.3\d9af485c32545b37dd5359b163161d42d7534dcf\lwjgl-glfw-3.3.3-natives-linux-arm32.jar;C:\Users\Lenovo\.gradle\caches\modules-2\files-2.1\org.lwjgl\lwjgl-glfw\3.3.3\492a0f11f85b85899a6568f07511160c1b87cd38\lwjgl-glfw-3.3.3-natives-linux-arm64.jar;C:\Users\Lenovo\.gradle\caches\modules-2\files-2.1\org.lwjgl\lwjgl-glfw\3.3.3\a1bf400f6bc64e6195596cb1430dafda46090751\lwjgl-glfw-3.3.3-natives-macos.jar;C:\Users\Lenovo\.gradle\caches\modules-2\
Launcher Type: SUN_STANDARD

[Global flags]
     intx CICompilerCount                          = 3                                         {product} {ergonomic}
     uint ConcGCThreads                            = 1                                         {product} {ergonomic}
     uint G1ConcRefinementThreads                  = 4                                         {product} {ergonomic}
   size_t G1HeapRegionSize                         = 1048576                                   {product} {ergonomic}
    uintx GCDrainStackTargetSize                   = 64                                        {product} {ergonomic}
   size_t InitialHeapSize                          = 67108864                                  {product} {ergonomic}
   size_t MarkStackSize                            = 4194304                                   {product} {ergonomic}
   size_t MaxHeapSize                              = 1052770304                                {product} {ergonomic}
   size_t MaxNewSize                               = 631242752                                 {product} {ergonomic}
   size_t MinHeapDeltaBytes                        = 1048576                                   {product} {ergonomic}
   size_t MinHeapSize                              = 8388608                                   {product} {ergonomic}
    uintx NonNMethodCodeHeapSize                   = 5832780                                {pd product} {ergonomic}
    uintx NonProfiledCodeHeapSize                  = 122912730                              {pd product} {ergonomic}
    uintx ProfiledCodeHeapSize                     = 122912730                              {pd product} {ergonomic}
    uintx ReservedCodeCacheSize                    = 251658240                              {pd product} {ergonomic}
     bool SegmentedCodeCache                       = true                                      {product} {ergonomic}
   size_t SoftMaxHeapSize                          = 1052770304                             {manageable} {ergonomic}
     bool UseCompressedClassPointers               = true                           {product lp64_product} {ergonomic}
     bool UseCompressedOops                        = true                           {product lp64_product} {ergonomic}
     bool UseG1GC                                  = true                                      {product} {ergonomic}
     bool UseLargePagesIndividualAllocation        = false                                  {pd product} {ergonomic}

Logging:
Log output configuration:
 #0: stdout all=warning uptime,level,tags
 #1: stderr all=off uptime,level,tags

Environment Variables:
PATH=C:\Python312\Scripts\;C:\Python312\;C:\Program Files\Eclipse Adoptium\jdk-17.0.11.9-hotspot\bin;C:\Program Files (x86)\Common Files\Oracle\Java\javapath;C:\Windows\system32;C:\Windows;C:\Windows\System32\Wbem;C:\Windows\System32\WindowsPowerShell\v1.0\;C:\Windows\System32\OpenSSH\;C:\ProgramData\chocolatey\bin;C:\Program Files\Git\cmd;C:\Users\Lenovo\AppData\Local\Programs\Python\Python311\Scripts\;C:\Users\Lenovo\AppData\Local\Programs\Python\Python311\;C:\Users\Lenovo\AppData\Local\Microsoft\WindowsApps;C:\Users\Lenovo\AppData\Local\Programs\Microsoft VS Code\bin
USERNAME=Lenovo
OS=Windows_NT
PROCESSOR_IDENTIFIER=Intel64 Family 6 Model 61 Stepping 4, GenuineIntel
TMP=C:\Users\Lenovo\AppData\Local\Temp
TEMP=C:\Users\Lenovo\AppData\Local\Temp



Periodic native trim disabled


---------------  S Y S T E M  ---------------

OS:
 Windows 10 , 64 bit Build 19041 (10.0.19041.5198)
OS uptime: 6 days 13:06 hours
Hyper-V role detected

CPU: total 4 (initial active 4) (2 cores per cpu, 2 threads per core) family 6 model 61 stepping 4 microcode 0x2d, cx8, cmov, fxsr, ht, mmx, 3dnowpref, sse, sse2, sse3, ssse3, sse4.1, sse4.2, popcnt, lzcnt, tsc, tscinvbit, avx, avx2, aes, erms, clmul, bmi1, bmi2, adx, fma, vzeroupper, clflush, hv
Processor Information for all 4 processors :
  Max Mhz: 2201, Current Mhz: 2201, Mhz Limit: 2201

Memory: 4k page, system-wide physical 4010M (347M free)
TotalPageFile size 16298M (AvailPageFile size 4724M)
current process WorkingSet (physical memory assigned to process): 158M, peak: 170M
current process commit charge ("private bytes"): 258M, peak: 271M

vm_info: OpenJDK 64-Bit Server VM (17.0.11+9) for windows-amd64 JRE (17.0.11+9), built on Apr 17 2024 06:07:48 by "admin" with MS VC++ 16.10 / 16.11 (VS2019)

END.
