#
# A fatal error has been detected by the Java Runtime Environment:
#
#  EXCEPTION_ACCESS_VIOLATION (0xc0000005) at pc=0x0000000000000000, pid=11032, tid=14128
#
# JRE version: OpenJDK Runtime Environment Temurin-17.0.11+9 (17.0.11+9) (build 17.0.11+9)
# Java VM: OpenJDK 64-Bit Server VM Temurin-17.0.11+9 (17.0.11+9, mixed mode, sharing, tiered, compressed oops, compressed class ptrs, g1 gc, windows-amd64)
# Problematic frame:
# C  [gdx-box2d64.dll+0x1e79d]
#
# No core dump will be written. Minidumps are not enabled by default on client versions of Windows
#
# If you would like to submit a bug report, please visit:
#   https://github.com/adoptium/adoptium-support/issues
# The crash happened outside the Java Virtual Machine in native code.
# See problematic frame for where to report the bug.
#

---------------  S U M M A R Y ------------

Command Line: -agentlib:jdwp=transport=dt_socket,server=n,suspend=y,address=127.0.0.1:51182 -Dfile.encoding=UTF-8 -Duser.country=US -Duser.language=en -Duser.variant io.github.some_example_name.lwjgl3.Lwjgl3Launcher

Host: Intel(R) Core(TM) i5-5200U CPU @ 2.20GHz, 4 cores, 3G,  Windows 10 , 64 bit Build 19041 (10.0.19041.5198)
Time: Mon Dec  2 15:38:23 2024 India Standard Time elapsed time: 149.143888 seconds (0d 0h 2m 29s)

---------------  T H R E A D  ---------------

Current thread (0x000002099c803f30):  JavaThread "main" [_thread_in_native, id=14128, stack(0x000000d2fcf00000,0x000000d2fd000000)]

Stack: [0x000000d2fcf00000,0x000000d2fd000000],  sp=0x000000d2fcffe4c0,  free space=1017k
Native frames: (J=compiled Java code, j=interpreted, Vv=VM code, C=native code)

Java frames: (J=compiled Java code, j=interpreted, Vv=VM code)
j  com.badlogic.gdx.physics.box2d.Body.jniCreateFixture(JJFFFZSSS)J+0
j  com.badlogic.gdx.physics.box2d.Body.createFixture(Lcom/badlogic/gdx/physics/box2d/FixtureDef;)Lcom/badlogic/gdx/physics/box2d/Fixture;+49
j  io.github.some_example_name.SerializableWorld$SerializableBody.<init>(Lio/github/some_example_name/SerializableWorld;FF[Lcom/badlogic/gdx/math/Vector2;Lcom/badlogic/gdx/physics/box2d/BodyDef$BodyType;FFFLjava/lang/String;)V+194
j  io.github.some_example_name.Ground.<init>(Ljava/lang/String;Lio/github/some_example_name/SerializableWorld;[Lcom/badlogic/gdx/math/Vector2;FF)V+54
j  io.github.some_example_name.Structure.createStructure(FF)V+33
j  io.github.some_example_name.Structure.<init>(Lio/github/some_example_name/Level;Lio/github/some_example_name/SerializableWorld;FFLio/github/some_example_name/SerializableRenderer;Lio/github/some_example_name/SerializableInputMultiplexer;)V+245
j  io.github.some_example_name.Level.<init>(Lio/github/some_example_name/AngryBirds;FFI)V+241
j  io.github.some_example_name.LevelManager$1.clicked(Lcom/badlogic/gdx/scenes/scene2d/InputEvent;FF)V+17
j  com.badlogic.gdx.scenes.scene2d.utils.ClickListener.touchUp(Lcom/badlogic/gdx/scenes/scene2d/InputEvent;FFII)V+108
j  com.badlogic.gdx.scenes.scene2d.InputListener.handle(Lcom/badlogic/gdx/scenes/scene2d/Event;)Z+233
j  com.badlogic.gdx.scenes.scene2d.Stage.touchUp(IIII)Z+213
j  com.badlogic.gdx.InputEventQueue.drain(Lcom/badlogic/gdx/InputProcessor;)V+273
j  com.badlogic.gdx.backends.lwjgl3.DefaultLwjgl3Input.update()V+8
j  com.badlogic.gdx.backends.lwjgl3.Lwjgl3Window.update()Z+126
j  com.badlogic.gdx.backends.lwjgl3.Lwjgl3Application.loop()V+111
j  com.badlogic.gdx.backends.lwjgl3.Lwjgl3Application.<init>(Lcom/badlogic/gdx/ApplicationListener;Lcom/badlogic/gdx/backends/lwjgl3/Lwjgl3ApplicationConfiguration;)V+269
j  io.github.some_example_name.lwjgl3.Lwjgl3Launcher.createApplication()Lcom/badlogic/gdx/backends/lwjgl3/Lwjgl3Application;+14
j  io.github.some_example_name.lwjgl3.Lwjgl3Launcher.main([Ljava/lang/String;)V+7
v  ~StubRoutines::call_stub

siginfo: EXCEPTION_ACCESS_VIOLATION (0xc0000005), data execution prevention violation at address 0x0000000000000000


Registers:
RAX=0x0000020987080db0, RBX=0x00000209ffe72170, RCX=0x0000020987016c40, RDX=0x00000209ffe3cd20
RSP=0x000000d2fcffe4b8, RBP=0x000000d2fcffe690, RSI=0x000000d2fcffe580, RDI=0x00000209ad069f1c
R8 =0x00000209ffe560b0, R9 =0x000000d2fcffe580, R10=0x0000000000000000, R11=0xfc00000000000003
R12=0x00000209ffe3cd20, R13=0x00000209ffe3cd20, R14=0x000000d2fcffe708, R15=0x000002099c803f30
RIP=0x0000000000000000, EFLAGS=0x0000000000010206


Register to memory mapping:

RIP=0x0 is NULL
RAX=0x0000020987080db0 points into unknown readable memory: 0x00000209ffe9c010 | 10 c0 e9 ff 09 02 00 00
RBX=0x00000209ffe72170 points into unknown readable memory: 0x0000020900000000 | 00 00 00 00 09 02 00 00
RCX=0x0000020987016c40 points into unknown readable memory: 0x0000020987080db0 | b0 0d 08 87 09 02 00 00
RDX=0x00000209ffe3cd20 points into unknown readable memory: 0x0000020987080310 | 10 03 08 87 09 02 00 00
RSP=0x000000d2fcffe4b8 is pointing into the stack for thread: 0x000002099c803f30
RBP=0x000000d2fcffe690 is pointing into the stack for thread: 0x000002099c803f30
RSI=0x000000d2fcffe580 is pointing into the stack for thread: 0x000002099c803f30
RDI=0x00000209ad069f1c is at code_begin+3516 in an Interpreter codelet
return entry points  [0x00000209ad069160, 0x00000209ad06b3c0]  8800 bytes
R8 =0x00000209ffe560b0 points into unknown readable memory: 0x0000002600000000 | 00 00 00 00 26 00 00 00
R9 =0x000000d2fcffe580 is pointing into the stack for thread: 0x000002099c803f30
R10=0x0 is NULL
R11=0xfc00000000000003 is an unknown value
R12=0x00000209ffe3cd20 points into unknown readable memory: 0x0000020987080310 | 10 03 08 87 09 02 00 00
R13=0x00000209ffe3cd20 points into unknown readable memory: 0x0000020987080310 | 10 03 08 87 09 02 00 00
R14=0x000000d2fcffe708 is pointing into the stack for thread: 0x000002099c803f30
R15=0x000002099c803f30 is a thread


Top of Stack: (sp=0x000000d2fcffe4b8)
0x000000d2fcffe4b8:   0000000066b1e79d 00007ffe78c34c98
0x000000d2fcffe4c8:   00000209820d2870 00000209ffe560b0
0x000000d2fcffe4d8:   000000d2fcffe580 00000209ad069f1c
0x000000d2fcffe4e8:   00000209ffe560b0 000000d2fcffe580
0x000000d2fcffe4f8:   00000209ad069f1c 00000209ffe72170
0x000000d2fcffe508:   0000000066b1d61b 000002099c803f30
0x000000d2fcffe518:   000000d2fcffe708 0000000000000000
0x000000d2fcffe528:   00000209ad069f1c 0000000000000000
0x000000d2fcffe538:   00000209fb87d678 0000000000000000
0x000000d2fcffe548:   0000000000000000 00000209fb87d678
0x000000d2fcffe558:   0000000066b2388d 000002099c803f30
0x000000d2fcffe568:   00007ffe78903547 00000209fb87d678
0x000000d2fcffe578:   000002099c803f30 0000020987016c40
0x000000d2fcffe588:   0000000000000000 3ecccccd3f000000
0x000000d2fcffe598:   000102003e4ccccd 000000d20000ffff
0x000000d2fcffe5a8:   000000d2fcffe648 000000d2fcffe648
0x000000d2fcffe5b8:   00000209ad0713e6 00000209ad068e10
0x000000d2fcffe5c8:   00007ffe00000000 000000d2fcffe690
0x000000d2fcffe5d8:   000000d2fcffe648 000000d23f000000
0x000000d2fcffe5e8:   000002093ecccccd 000002093e4ccccd
0x000000d2fcffe5f8:   00007ffe00000000 000000d200000001
0x000000d2fcffe608:   000000d2ffffffff 0000020900000000
0x000000d2fcffe618:   00000209ad070ef6 00000209fb87d678
0x000000d2fcffe628:   0000000000000000 000000d2fcffe758
0x000000d2fcffe638:   000000d2fcffe6b0 00000209ad070e9d
0x000000d2fcffe648:   000000d2fcffe648 00000209fb87d678
0x000000d2fcffe658:   000000d2fcffe708 00000209fb881df8
0x000000d2fcffe668:   0000000000000000 00000000c4afdd30
0x000000d2fcffe678:   00000209fb87d678 0000000000000000
0x000000d2fcffe688:   000000d2fcffe6b0 000000d2fcffe758
0x000000d2fcffe698:   00000209ad06a23a 0000000000000000
0x000000d2fcffe6a8:   00000209ad06d557 0000000000000000 

Instructions: (pc=0x0000000066b1e79d)
0x0000000066b1e69d:   75 11 c7 81 ac 00 00 00 00 00 00 00 83 c8 02 66
0x0000000066b1e6ad:   89 41 04 0f b7 42 04 a8 02 75 11 c7 82 ac 00 00
0x0000000066b1e6bd:   00 00 00 00 00 83 c8 02 66 89 42 04 83 46 60 01
0x0000000066b1e6cd:   48 83 c4 30 5b 5e 5f 41 5c 41 5d c3 90 66 0f 1f
0x0000000066b1e6dd:   44 00 00 48 89 ca e9 88 be 01 00 90 90 90 90 90
0x0000000066b1e6ed:   90 90 90 48 b8 00 00 00 00 01 00 ff ff 48 89 41
0x0000000066b1e6fd:   30 31 c0 48 c7 41 40 00 00 00 00 48 c7 41 10 00
0x0000000066b1e70d:   00 00 00 48 c7 41 08 00 00 00 00 48 c7 41 28 00
0x0000000066b1e71d:   00 00 00 66 89 41 38 48 c7 41 18 00 00 00 00 c7
0x0000000066b1e72d:   01 00 00 00 00 c3 90 66 66 2e 0f 1f 84 00 00 00
0x0000000066b1e73d:   00 00 90 41 54 57 56 53 48 83 ec 28 49 8b 41 08
0x0000000066b1e74d:   f3 41 0f 10 41 10 48 89 41 40 41 8b 41 1e 48 89
0x0000000066b1e75d:   cb 49 89 d4 f3 0f 11 41 20 f3 41 0f 10 41 14 4c
0x0000000066b1e76d:   89 ce 89 41 34 41 0f b7 41 22 4c 89 41 10 66 89
0x0000000066b1e77d:   41 38 41 0f b6 41 1c f3 0f 11 41 24 88 41 3a 48
0x0000000066b1e78d:   c7 41 08 00 00 00 00 49 8b 09 48 8b 01 ff 50 10
0x0000000066b1e79d:   48 89 c1 48 89 43 18 48 8b 00 ff 50 18 4c 89 e1
0x0000000066b1e7ad:   89 c2 89 c7 c1 e2 05 e8 07 c6 fe ff 48 89 43 28
0x0000000066b1e7bd:   85 ff 7e 2e 8d 4f ff 48 8d 50 10 48 c1 e1 05 48
0x0000000066b1e7cd:   8d 44 08 30 0f 1f 80 00 00 00 00 48 c7 02 00 00
0x0000000066b1e7dd:   00 00 48 83 c2 20 c7 42 ec ff ff ff ff 48 39 c2
0x0000000066b1e7ed:   75 e9 f3 0f 10 46 18 c7 43 30 00 00 00 00 f3 0f
0x0000000066b1e7fd:   11 03 48 83 c4 28 5b 5e 5f 41 5c c3 90 66 0f 1f
0x0000000066b1e80d:   44 00 00 41 55 41 54 53 48 83 ec 20 8b 41 30 48
0x0000000066b1e81d:   89 cb 49 89 d5 85 c0 0f 85 9e 00 00 00 48 8b 4b
0x0000000066b1e82d:   18 48 8b 01 ff 50 18 48 8b 53 28 4c 89 e9 c1 e0
0x0000000066b1e83d:   05 41 89 c0 e8 9a c7 fe ff 4c 8b 63 18 48 c7 43
0x0000000066b1e84d:   28 00 00 00 00 41 8b 44 24 08 83 f8 02 0f 84 b0
0x0000000066b1e85d:   00 00 00 77 3e 85 c0 0f 84 c6 00 00 00 49 8b 04
0x0000000066b1e86d:   24 4c 89 e1 ff 10 41 b8 38 00 00 00 4c 89 e2 4c
0x0000000066b1e87d:   89 e9 e8 5c c7 fe ff 48 c7 43 18 00 00 00 00 48
0x0000000066b1e88d:   83 c4 20 5b 41 5c 41 5d c3 66 2e 0f 1f 84 00 00 


Stack slot to memory mapping:
stack at sp + 0 slots: 0x00007ffe78c34c98 jvm.dll
stack at sp + 1 slots: 0x00000209820d2870 points into unknown readable memory: 0x4a28000cf6070001 | 01 00 07 f6 0c 00 28 4a
stack at sp + 2 slots: 0x00000209ffe560b0 points into unknown readable memory: 0x0000002600000000 | 00 00 00 00 26 00 00 00
stack at sp + 3 slots: 0x000000d2fcffe580 is pointing into the stack for thread: 0x000002099c803f30
stack at sp + 4 slots: 0x00000209ad069f1c is at code_begin+3516 in an Interpreter codelet
return entry points  [0x00000209ad069160, 0x00000209ad06b3c0]  8800 bytes
stack at sp + 5 slots: 0x00000209ffe560b0 points into unknown readable memory: 0x0000002600000000 | 00 00 00 00 26 00 00 00
stack at sp + 6 slots: 0x000000d2fcffe580 is pointing into the stack for thread: 0x000002099c803f30
stack at sp + 7 slots: 0x00000209ad069f1c is at code_begin+3516 in an Interpreter codelet
return entry points  [0x00000209ad069160, 0x00000209ad06b3c0]  8800 bytes


---------------  P R O C E S S  ---------------

Threads class SMR info:
_java_thread_list=0x0000020981d24de0, length=18, elements={
0x000002099c803f30, 0x00000209b9c18f90, 0x00000209b9c19e10, 0x00000209b9c2d8c0,
0x00000209b9c2e7a0, 0x00000209b9c32130, 0x00000209b9c34b20, 0x00000209b9c3e3a0,
0x00000209b9c5fd70, 0x00000209b9c63330, 0x00000209ff0c0130, 0x00000209ff0ced10,
0x00000209ff0cf9b0, 0x00000209b9c35030, 0x00000209b9c35540, 0x00000209b9c35a50,
0x00000209b9c35f60, 0x00000209b9c34610
}

Java Threads: ( => current thread )
=>0x000002099c803f30 JavaThread "main" [_thread_in_native, id=14128, stack(0x000000d2fcf00000,0x000000d2fd000000)]
  0x00000209b9c18f90 JavaThread "Reference Handler" daemon [_thread_blocked, id=7864, stack(0x000000d2fd600000,0x000000d2fd700000)]
  0x00000209b9c19e10 JavaThread "Finalizer" daemon [_thread_blocked, id=14008, stack(0x000000d2fd700000,0x000000d2fd800000)]
  0x00000209b9c2d8c0 JavaThread "Signal Dispatcher" daemon [_thread_blocked, id=944, stack(0x000000d2fd800000,0x000000d2fd900000)]
  0x00000209b9c2e7a0 JavaThread "Attach Listener" daemon [_thread_blocked, id=8420, stack(0x000000d2fd900000,0x000000d2fda00000)]
  0x00000209b9c32130 JavaThread "Service Thread" daemon [_thread_blocked, id=12312, stack(0x000000d2fda00000,0x000000d2fdb00000)]
  0x00000209b9c34b20 JavaThread "Monitor Deflation Thread" daemon [_thread_blocked, id=2652, stack(0x000000d2fdb00000,0x000000d2fdc00000)]
  0x00000209b9c3e3a0 JavaThread "C2 CompilerThread0" daemon [_thread_blocked, id=14428, stack(0x000000d2fdc00000,0x000000d2fdd00000)]
  0x00000209b9c5fd70 JavaThread "C1 CompilerThread0" daemon [_thread_blocked, id=15208, stack(0x000000d2fdd00000,0x000000d2fde00000)]
  0x00000209b9c63330 JavaThread "Sweeper thread" daemon [_thread_blocked, id=5496, stack(0x000000d2fde00000,0x000000d2fdf00000)]
  0x00000209ff0c0130 JavaThread "JDWP Transport Listener: dt_socket" daemon [_thread_blocked, id=13180, stack(0x000000d2fdf00000,0x000000d2fe000000)]
  0x00000209ff0ced10 JavaThread "JDWP Event Helper Thread" daemon [_thread_blocked, id=14724, stack(0x000000d2fe000000,0x000000d2fe100000)]
  0x00000209ff0cf9b0 JavaThread "JDWP Command Reader" daemon [_thread_in_native, id=10172, stack(0x000000d2fe100000,0x000000d2fe200000)]
  0x00000209b9c35030 JavaThread "Notification Thread" daemon [_thread_blocked, id=16068, stack(0x000000d2fe200000,0x000000d2fe300000)]
  0x00000209b9c35540 JavaThread "Common-Cleaner" daemon [_thread_blocked, id=5160, stack(0x000000d2fe400000,0x000000d2fe500000)]
  0x00000209b9c35a50 JavaThread "Thread-0" daemon [_thread_blocked, id=14888, stack(0x000000d2feb00000,0x000000d2fec00000)]
  0x00000209b9c35f60 JavaThread "LWJGL3 Timer" daemon [_thread_blocked, id=1820, stack(0x000000d2ff400000,0x000000d2ff500000)]
  0x00000209b9c34610 JavaThread "Timer" daemon [_thread_blocked, id=14508, stack(0x000000d2ff500000,0x000000d2ff600000)]

Other Threads:
  0x00000209b9c14d20 VMThread "VM Thread" [stack: 0x000000d2fd500000,0x000000d2fd600000] [id=14248]
  0x00000209ff0d2830 WatcherThread [stack: 0x000000d2fe300000,0x000000d2fe400000] [id=5972]
  0x000002099c83e090 GCTaskThread "GC Thread#0" [stack: 0x000000d2fd000000,0x000000d2fd100000] [id=1212]
  0x0000020981e68680 GCTaskThread "GC Thread#1" [stack: 0x000000d2fef00000,0x000000d2ff000000] [id=9212]
  0x0000020981ee8a30 GCTaskThread "GC Thread#2" [stack: 0x000000d2ff000000,0x000000d2ff100000] [id=14808]
  0x0000020981ee8cf0 GCTaskThread "GC Thread#3" [stack: 0x000000d2ff100000,0x000000d2ff200000] [id=8032]
  0x000002099c846d60 ConcurrentGCThread "G1 Main Marker" [stack: 0x000000d2fd100000,0x000000d2fd200000] [id=13100]
  0x000002099c847780 ConcurrentGCThread "G1 Conc#0" [stack: 0x000000d2fd200000,0x000000d2fd300000] [id=13632]
  0x000002099c8943d0 ConcurrentGCThread "G1 Refine#0" [stack: 0x000000d2fd300000,0x000000d2fd400000] [id=7404]
  0x000002099c894e00 ConcurrentGCThread "G1 Service" [stack: 0x000000d2fd400000,0x000000d2fd500000] [id=7428]

Threads with active compile tasks:

VM state: not at safepoint (normal execution)

VM Mutex/Monitor currently owned by a thread: None

Heap address: 0x00000000c1400000, size: 1004 MB, Compressed Oops mode: 32-bit

CDS archive(s) mapped at: [0x00000209ba000000-0x00000209babb0000-0x00000209babb0000), size 12255232, SharedBaseAddress: 0x00000209ba000000, ArchiveRelocationMode: 1.
Compressed class space mapped at: 0x00000209bb000000-0x00000209fb000000, reserved size: 1073741824
Narrow klass base: 0x00000209ba000000, Narrow klass shift: 0, Narrow klass range: 0x100000000

GC Precious Log:
 CPUs: 4 total, 4 available
 Memory: 4010M
 Large Page Support: Disabled
 NUMA Support: Disabled
 Compressed Oops: Enabled (32-bit)
 Heap Region Size: 1M
 Heap Min Capacity: 8M
 Heap Initial Capacity: 64M
 Heap Max Capacity: 1004M
 Pre-touch: Disabled
 Parallel Workers: 4
 Concurrent Workers: 1
 Concurrent Refinement Workers: 4
 Periodic GC: Disabled

Heap:
 garbage-first heap   total 65536K, used 16552K [0x00000000c1400000, 0x0000000100000000)
  region size 1024K, 13 young (13312K), 2 survivors (2048K)
 Metaspace       used 7391K, committed 7616K, reserved 1114112K
  class space    used 573K, committed 704K, reserved 1048576K

Heap Regions: E=young(eden), S=young(survivor), O=old, HS=humongous(starts), HC=humongous(continues), CS=collection set, F=free, OA=open archive, CA=closed archive, TAMS=top-at-mark-start (previous, next)
|   0|0x00000000c1400000, 0x00000000c142a200, 0x00000000c1500000| 16%| O|  |TAMS 0x00000000c1400000, 0x00000000c1400000| Untracked 
|   1|0x00000000c1500000, 0x00000000c1600000, 0x00000000c1600000|100%|HS|  |TAMS 0x00000000c1500000, 0x00000000c1500000| Complete 
|   2|0x00000000c1600000, 0x00000000c1700000, 0x00000000c1700000|100%|HS|  |TAMS 0x00000000c1600000, 0x00000000c1600000| Complete 
|   3|0x00000000c1700000, 0x00000000c1800000, 0x00000000c1800000|100%|HS|  |TAMS 0x00000000c1700000, 0x00000000c1700000| Complete 
|   4|0x00000000c1800000, 0x00000000c1900000, 0x00000000c1900000|100%|HS|  |TAMS 0x00000000c1800000, 0x00000000c1800000| Complete 
|   5|0x00000000c1900000, 0x00000000c1a00000, 0x00000000c1a00000|100%|HS|  |TAMS 0x00000000c1900000, 0x00000000c1900000| Complete 
|   6|0x00000000c1a00000, 0x00000000c1a00000, 0x00000000c1b00000|  0%| F|  |TAMS 0x00000000c1a00000, 0x00000000c1a00000| Untracked 
|   7|0x00000000c1b00000, 0x00000000c1b00000, 0x00000000c1c00000|  0%| F|  |TAMS 0x00000000c1b00000, 0x00000000c1b00000| Untracked 
|   8|0x00000000c1c00000, 0x00000000c1c00000, 0x00000000c1d00000|  0%| F|  |TAMS 0x00000000c1c00000, 0x00000000c1c00000| Untracked 
|   9|0x00000000c1d00000, 0x00000000c1d00000, 0x00000000c1e00000|  0%| F|  |TAMS 0x00000000c1d00000, 0x00000000c1d00000| Untracked 
|  10|0x00000000c1e00000, 0x00000000c1e00000, 0x00000000c1f00000|  0%| F|  |TAMS 0x00000000c1e00000, 0x00000000c1e00000| Untracked 
|  11|0x00000000c1f00000, 0x00000000c1f00000, 0x00000000c2000000|  0%| F|  |TAMS 0x00000000c1f00000, 0x00000000c1f00000| Untracked 
|  12|0x00000000c2000000, 0x00000000c2000000, 0x00000000c2100000|  0%| F|  |TAMS 0x00000000c2000000, 0x00000000c2000000| Untracked 
|  13|0x00000000c2100000, 0x00000000c2100000, 0x00000000c2200000|  0%| F|  |TAMS 0x00000000c2100000, 0x00000000c2100000| Untracked 
|  14|0x00000000c2200000, 0x00000000c2200000, 0x00000000c2300000|  0%| F|  |TAMS 0x00000000c2200000, 0x00000000c2200000| Untracked 
|  15|0x00000000c2300000, 0x00000000c2300000, 0x00000000c2400000|  0%| F|  |TAMS 0x00000000c2300000, 0x00000000c2300000| Untracked 
|  16|0x00000000c2400000, 0x00000000c2400000, 0x00000000c2500000|  0%| F|  |TAMS 0x00000000c2400000, 0x00000000c2400000| Untracked 
|  17|0x00000000c2500000, 0x00000000c2500000, 0x00000000c2600000|  0%| F|  |TAMS 0x00000000c2500000, 0x00000000c2500000| Untracked 
|  18|0x00000000c2600000, 0x00000000c2600000, 0x00000000c2700000|  0%| F|  |TAMS 0x00000000c2600000, 0x00000000c2600000| Untracked 
|  19|0x00000000c2700000, 0x00000000c2700000, 0x00000000c2800000|  0%| F|  |TAMS 0x00000000c2700000, 0x00000000c2700000| Untracked 
|  20|0x00000000c2800000, 0x00000000c2800000, 0x00000000c2900000|  0%| F|  |TAMS 0x00000000c2800000, 0x00000000c2800000| Untracked 
|  21|0x00000000c2900000, 0x00000000c2900000, 0x00000000c2a00000|  0%| F|  |TAMS 0x00000000c2900000, 0x00000000c2900000| Untracked 
|  22|0x00000000c2a00000, 0x00000000c2a00000, 0x00000000c2b00000|  0%| F|  |TAMS 0x00000000c2a00000, 0x00000000c2a00000| Untracked 
|  23|0x00000000c2b00000, 0x00000000c2b00000, 0x00000000c2c00000|  0%| F|  |TAMS 0x00000000c2b00000, 0x00000000c2b00000| Untracked 
|  24|0x00000000c2c00000, 0x00000000c2c00000, 0x00000000c2d00000|  0%| F|  |TAMS 0x00000000c2c00000, 0x00000000c2c00000| Untracked 
|  25|0x00000000c2d00000, 0x00000000c2d00000, 0x00000000c2e00000|  0%| F|  |TAMS 0x00000000c2d00000, 0x00000000c2d00000| Untracked 
|  26|0x00000000c2e00000, 0x00000000c2e00000, 0x00000000c2f00000|  0%| F|  |TAMS 0x00000000c2e00000, 0x00000000c2e00000| Untracked 
|  27|0x00000000c2f00000, 0x00000000c2f00000, 0x00000000c3000000|  0%| F|  |TAMS 0x00000000c2f00000, 0x00000000c2f00000| Untracked 
|  28|0x00000000c3000000, 0x00000000c3000000, 0x00000000c3100000|  0%| F|  |TAMS 0x00000000c3000000, 0x00000000c3000000| Untracked 
|  29|0x00000000c3100000, 0x00000000c3100000, 0x00000000c3200000|  0%| F|  |TAMS 0x00000000c3100000, 0x00000000c3100000| Untracked 
|  30|0x00000000c3200000, 0x00000000c3200000, 0x00000000c3300000|  0%| F|  |TAMS 0x00000000c3200000, 0x00000000c3200000| Untracked 
|  31|0x00000000c3300000, 0x00000000c3300000, 0x00000000c3400000|  0%| F|  |TAMS 0x00000000c3300000, 0x00000000c3300000| Untracked 
|  32|0x00000000c3400000, 0x00000000c3400000, 0x00000000c3500000|  0%| F|  |TAMS 0x00000000c3400000, 0x00000000c3400000| Untracked 
|  33|0x00000000c3500000, 0x00000000c3500000, 0x00000000c3600000|  0%| F|  |TAMS 0x00000000c3500000, 0x00000000c3500000| Untracked 
|  34|0x00000000c3600000, 0x00000000c3600000, 0x00000000c3700000|  0%| F|  |TAMS 0x00000000c3600000, 0x00000000c3600000| Untracked 
|  35|0x00000000c3700000, 0x00000000c3700000, 0x00000000c3800000|  0%| F|  |TAMS 0x00000000c3700000, 0x00000000c3700000| Untracked 
|  36|0x00000000c3800000, 0x00000000c3800000, 0x00000000c3900000|  0%| F|  |TAMS 0x00000000c3800000, 0x00000000c3800000| Untracked 
|  37|0x00000000c3900000, 0x00000000c3900000, 0x00000000c3a00000|  0%| F|  |TAMS 0x00000000c3900000, 0x00000000c3900000| Untracked 
|  38|0x00000000c3a00000, 0x00000000c3a00000, 0x00000000c3b00000|  0%| F|  |TAMS 0x00000000c3a00000, 0x00000000c3a00000| Untracked 
|  39|0x00000000c3b00000, 0x00000000c3b00000, 0x00000000c3c00000|  0%| F|  |TAMS 0x00000000c3b00000, 0x00000000c3b00000| Untracked 
|  40|0x00000000c3c00000, 0x00000000c3c00000, 0x00000000c3d00000|  0%| F|  |TAMS 0x00000000c3c00000, 0x00000000c3c00000| Untracked 
|  41|0x00000000c3d00000, 0x00000000c3d00000, 0x00000000c3e00000|  0%| F|  |TAMS 0x00000000c3d00000, 0x00000000c3d00000| Untracked 
|  42|0x00000000c3e00000, 0x00000000c3e00000, 0x00000000c3f00000|  0%| F|  |TAMS 0x00000000c3e00000, 0x00000000c3e00000| Untracked 
|  43|0x00000000c3f00000, 0x00000000c3f00000, 0x00000000c4000000|  0%| F|  |TAMS 0x00000000c3f00000, 0x00000000c3f00000| Untracked 
|  44|0x00000000c4000000, 0x00000000c4000000, 0x00000000c4100000|  0%| F|  |TAMS 0x00000000c4000000, 0x00000000c4000000| Untracked 
|  45|0x00000000c4100000, 0x00000000c4100000, 0x00000000c4200000|  0%| F|  |TAMS 0x00000000c4100000, 0x00000000c4100000| Untracked 
|  46|0x00000000c4200000, 0x00000000c4200000, 0x00000000c4300000|  0%| F|  |TAMS 0x00000000c4200000, 0x00000000c4200000| Untracked 
|  47|0x00000000c4300000, 0x00000000c4300000, 0x00000000c4400000|  0%| F|  |TAMS 0x00000000c4300000, 0x00000000c4300000| Untracked 
|  48|0x00000000c4400000, 0x00000000c4400000, 0x00000000c4500000|  0%| F|  |TAMS 0x00000000c4400000, 0x00000000c4400000| Untracked 
|  49|0x00000000c4500000, 0x00000000c4600000, 0x00000000c4600000|100%| S|CS|TAMS 0x00000000c4500000, 0x00000000c4500000| Complete 
|  50|0x00000000c4600000, 0x00000000c4700000, 0x00000000c4700000|100%| S|CS|TAMS 0x00000000c4600000, 0x00000000c4600000| Complete 
|  51|0x00000000c4700000, 0x00000000c4700000, 0x00000000c4800000|  0%| F|  |TAMS 0x00000000c4700000, 0x00000000c4700000| Untracked 
|  52|0x00000000c4800000, 0x00000000c4800000, 0x00000000c4900000|  0%| F|  |TAMS 0x00000000c4800000, 0x00000000c4800000| Untracked 
|  53|0x00000000c4900000, 0x00000000c49b91f8, 0x00000000c4a00000| 72%| E|  |TAMS 0x00000000c4900000, 0x00000000c4900000| Complete 
|  54|0x00000000c4a00000, 0x00000000c4b00000, 0x00000000c4b00000|100%| E|CS|TAMS 0x00000000c4a00000, 0x00000000c4a00000| Complete 
|  55|0x00000000c4b00000, 0x00000000c4c00000, 0x00000000c4c00000|100%| E|CS|TAMS 0x00000000c4b00000, 0x00000000c4b00000| Complete 
|  56|0x00000000c4c00000, 0x00000000c4d00000, 0x00000000c4d00000|100%| E|CS|TAMS 0x00000000c4c00000, 0x00000000c4c00000| Complete 
|  57|0x00000000c4d00000, 0x00000000c4e00000, 0x00000000c4e00000|100%| E|  |TAMS 0x00000000c4d00000, 0x00000000c4d00000| Complete 
|  58|0x00000000c4e00000, 0x00000000c4f00000, 0x00000000c4f00000|100%| E|CS|TAMS 0x00000000c4e00000, 0x00000000c4e00000| Complete 
|  59|0x00000000c4f00000, 0x00000000c5000000, 0x00000000c5000000|100%| E|CS|TAMS 0x00000000c4f00000, 0x00000000c4f00000| Complete 
|  60|0x00000000c5000000, 0x00000000c5100000, 0x00000000c5100000|100%| E|CS|TAMS 0x00000000c5000000, 0x00000000c5000000| Complete 
|  61|0x00000000c5100000, 0x00000000c5200000, 0x00000000c5200000|100%| E|CS|TAMS 0x00000000c5100000, 0x00000000c5100000| Complete 
|  62|0x00000000c5200000, 0x00000000c5300000, 0x00000000c5300000|100%| E|CS|TAMS 0x00000000c5200000, 0x00000000c5200000| Complete 
|  63|0x00000000c5300000, 0x00000000c5400000, 0x00000000c5400000|100%| E|CS|TAMS 0x00000000c5300000, 0x00000000c5300000| Complete 

Card table byte_map: [0x00000209b5350000,0x00000209b5550000] _byte_map_base: 0x00000209b4d46000

Marking Bits (Prev, Next): (CMBitMap*) 0x000002099c83e6b0, (CMBitMap*) 0x000002099c83e6f0
 Prev Bits: [0x00000209b5750000, 0x00000209b6700000)
 Next Bits: [0x00000209b6700000, 0x00000209b76b0000)

Polling page: 0x000002099c680000

Metaspace:

Usage:
  Non-class:      6.66 MB used.
      Class:    573.19 KB used.
       Both:      7.22 MB used.

Virtual space:
  Non-class space:       64.00 MB reserved,       6.75 MB ( 11%) committed,  1 nodes.
      Class space:        1.00 GB reserved,     704.00 KB ( <1%) committed,  1 nodes.
             Both:        1.06 GB reserved,       7.44 MB ( <1%) committed. 

Chunk freelists:
   Non-Class:  7.44 MB
       Class:  15.34 MB
        Both:  22.78 MB

MaxMetaspaceSize: unlimited
CompressedClassSpaceSize: 1.00 GB
Initial GC threshold: 21.00 MB
Current GC threshold: 21.00 MB
CDS: on
MetaspaceReclaimPolicy: balanced
 - commit_granule_bytes: 65536.
 - commit_granule_words: 8192.
 - virtual_space_node_default_size: 8388608.
 - enlarge_chunks_in_place: 1.
 - new_chunks_are_fully_committed: 0.
 - uncommit_free_chunks: 1.
 - use_allocation_guard: 0.
 - handle_deallocations: 1.


Internal statistics:

num_allocs_failed_limit: 0.
num_arena_births: 90.
num_arena_deaths: 0.
num_vsnodes_births: 2.
num_vsnodes_deaths: 0.
num_space_committed: 117.
num_space_uncommitted: 0.
num_chunks_returned_to_freelist: 0.
num_chunks_taken_from_freelist: 284.
num_chunk_merges: 0.
num_chunk_splits: 213.
num_chunks_enlarged: 170.
num_inconsistent_stats: 0.

CodeHeap 'non-profiled nmethods': size=120000Kb used=419Kb max_used=419Kb free=119580Kb
 bounds [0x00000209ad600000, 0x00000209ad870000, 0x00000209b4b30000]
CodeHeap 'profiled nmethods': size=120000Kb used=2079Kb max_used=2079Kb free=117920Kb
 bounds [0x00000209a5b30000, 0x00000209a5da0000, 0x00000209ad060000]
CodeHeap 'non-nmethods': size=5760Kb used=1744Kb max_used=1758Kb free=4015Kb
 bounds [0x00000209ad060000, 0x00000209ad2d0000, 0x00000209ad600000]
 total_blobs=2276 nmethods=1150 adapters=1039
 compilation: enabled
              stopped_count=0, restarted_count=0
 full_count=0

Compilation events (20 events):
Event: 4.320 Thread 0x00000209b9c5fd70 1141       3       java.lang.Integer::numberOfLeadingZeros (79 bytes)
Event: 4.320 Thread 0x00000209b9c5fd70 nmethod 1141 0x00000209a5d34b90 code [0x00000209a5d34d40, 0x00000209a5d35018]
Event: 4.332 Thread 0x00000209b9c5fd70 1142       3       org.lwjgl.system.MemoryUtil::memASCII (54 bytes)
Event: 4.333 Thread 0x00000209b9c5fd70 nmethod 1142 0x00000209a5d35090 code [0x00000209a5d352c0, 0x00000209a5d35bf8]
Event: 4.333 Thread 0x00000209b9c5fd70 1143       3       java.lang.String::<init> (127 bytes)
Event: 4.333 Thread 0x00000209b9c5fd70 nmethod 1143 0x00000209a5d35e90 code [0x00000209a5d36080, 0x00000209a5d365c8]
Event: 4.337 Thread 0x00000209b9c5fd70 1144       3       com.badlogic.gdx.math.Vector2::<init> (5 bytes)
Event: 4.337 Thread 0x00000209b9c5fd70 nmethod 1144 0x00000209a5d36790 code [0x00000209a5d36920, 0x00000209a5d36a78]
Event: 4.347 Thread 0x00000209b9c3e3a0 1145       4       java.lang.String::checkBoundsOffCount (64 bytes)
Event: 4.347 Thread 0x00000209b9c3e3a0 nmethod 1145 0x00000209ad668410 code [0x00000209ad668580, 0x00000209ad668638]
Event: 4.373 Thread 0x00000209b9c5fd70 1146       1       java.util.Collections$EmptyList::isEmpty (2 bytes)
Event: 4.374 Thread 0x00000209b9c5fd70 nmethod 1146 0x00000209ad668710 code [0x00000209ad6688a0, 0x00000209ad668978]
Event: 4.677 Thread 0x00000209b9c5fd70 1147       3       java.security.CodeSource::<init> (52 bytes)
Event: 4.677 Thread 0x00000209b9c5fd70 nmethod 1147 0x00000209a5d36b10 code [0x00000209a5d36ce0, 0x00000209a5d37218]
Event: 4.678 Thread 0x00000209b9c5fd70 1148       3       java.security.SecureClassLoader::defineClass (16 bytes)
Event: 4.678 Thread 0x00000209b9c5fd70 nmethod 1148 0x00000209a5d37390 code [0x00000209a5d37540, 0x00000209a5d376d8]
Event: 20.805 Thread 0x00000209b9c3e3a0 1149       4       java.lang.String::<init> (15 bytes)
Event: 20.806 Thread 0x00000209b9c5fd70 1150       3       com.badlogic.gdx.utils.StringBuilder::append0 (55 bytes)
Event: 20.807 Thread 0x00000209b9c5fd70 nmethod 1150 0x00000209a5d37790 code [0x00000209a5d37980, 0x00000209a5d37d28]
Event: 20.808 Thread 0x00000209b9c3e3a0 nmethod 1149 0x00000209ad668a10 code [0x00000209ad668b80, 0x00000209ad668cb8]

GC Heap History (2 events):
Event: 1.499 GC heap before
{Heap before GC invocations=0 (full 0):
 garbage-first heap   total 65536K, used 13312K [0x00000000c1400000, 0x0000000100000000)
  region size 1024K, 13 young (13312K), 0 survivors (0K)
 Metaspace       used 3943K, committed 4096K, reserved 1114112K
  class space    used 315K, committed 384K, reserved 1048576K
}
Event: 1.507 GC heap after
{Heap after GC invocations=1 (full 0):
 garbage-first heap   total 65536K, used 2216K [0x00000000c1400000, 0x0000000100000000)
  region size 1024K, 2 young (2048K), 2 survivors (2048K)
 Metaspace       used 3943K, committed 4096K, reserved 1114112K
  class space    used 315K, committed 384K, reserved 1048576K
}

Dll operation events (10 events):
Event: 0.013 Loaded shared library C:\Program Files\Eclipse Adoptium\jdk-17.0.11.9-hotspot\bin\java.dll
Event: 0.058 Loaded shared library C:\Program Files\Eclipse Adoptium\jdk-17.0.11.9-hotspot\bin\jsvml.dll
Event: 0.227 Loaded shared library C:\Program Files\Eclipse Adoptium\jdk-17.0.11.9-hotspot\bin\net.dll
Event: 0.228 Loaded shared library C:\Program Files\Eclipse Adoptium\jdk-17.0.11.9-hotspot\bin\nio.dll
Event: 0.234 Loaded shared library C:\Program Files\Eclipse Adoptium\jdk-17.0.11.9-hotspot\bin\zip.dll
Event: 0.428 Loaded shared library C:\Program Files\Eclipse Adoptium\jdk-17.0.11.9-hotspot\bin\jimage.dll
Event: 0.445 Loaded shared library C:\ProgramData\libGDX-temp\libgdxLenovo\2a9d7f76\gdx64.dll
Event: 0.628 Loaded shared library C:\ProgramData\libGDX-temp\lwjgl_Lenovo\3.3.3+5\x64\lwjgl.dll
Event: 1.478 Loaded shared library C:\ProgramData\libGDX-temp\lwjgl_Lenovo\3.3.3+5\x64\lwjgl_opengl.dll
Event: 4.361 Loaded shared library C:\ProgramData\libGDX-temp\libgdxLenovo\5e84b8da\gdx-box2d64.dll

Deoptimization events (20 events):
Event: 1.468 Thread 0x000002099c803f30 DEOPT PACKING pc=0x00000209ad62d6e0 sp=0x000000d2fcffdad0
Event: 1.468 Thread 0x000002099c803f30 DEOPT UNPACKING pc=0x00000209ad0b69a3 sp=0x000000d2fcffda08 mode 2
Event: 1.886 Thread 0x000002099c803f30 DEOPT PACKING pc=0x00000209ad64d5f8 sp=0x000000d2fcffd140
Event: 1.886 Thread 0x000002099c803f30 DEOPT UNPACKING pc=0x00000209ad0b7143 sp=0x000000d2fcffc4b0 mode 1
Event: 1.886 Thread 0x000002099c803f30 DEOPT PACKING pc=0x00000209a5c221cc sp=0x000000d2fcffd300
Event: 1.886 Thread 0x000002099c803f30 DEOPT UNPACKING pc=0x00000209ad0b7143 sp=0x000000d2fcffc7b0 mode 1
Event: 1.886 Thread 0x000002099c803f30 DEOPT PACKING pc=0x00000209a5bbf2f4 sp=0x000000d2fcffd3f0
Event: 1.886 Thread 0x000002099c803f30 DEOPT UNPACKING pc=0x00000209ad0b7143 sp=0x000000d2fcffc960 mode 1
Event: 3.302 Thread 0x000002099c803f30 Uncommon trap: trap_request=0xffffff45 fr.pc=0x00000209ad6416e8 relative=0x00000000000022a8
Event: 3.302 Thread 0x000002099c803f30 Uncommon trap: reason=unstable_if action=reinterpret pc=0x00000209ad6416e8 method=java.io.WinNTFileSystem.normalize(Ljava/lang/String;)Ljava/lang/String; @ 128 c2
Event: 3.302 Thread 0x000002099c803f30 DEOPT PACKING pc=0x00000209ad6416e8 sp=0x000000d2fcffe750
Event: 3.302 Thread 0x000002099c803f30 DEOPT UNPACKING pc=0x00000209ad0b69a3 sp=0x000000d2fcffe778 mode 2
Event: 4.308 Thread 0x000002099c803f30 Uncommon trap: trap_request=0xffffff45 fr.pc=0x00000209ad649660 relative=0x00000000000000c0
Event: 4.308 Thread 0x000002099c803f30 Uncommon trap: reason=unstable_if action=reinterpret pc=0x00000209ad649660 method=sun.net.www.ParseUtil.match(CJJ)Z @ 13 c2
Event: 4.308 Thread 0x000002099c803f30 DEOPT PACKING pc=0x00000209ad649660 sp=0x000000d2fcffe1c0
Event: 4.308 Thread 0x000002099c803f30 DEOPT UNPACKING pc=0x00000209ad0b69a3 sp=0x000000d2fcffe0e0 mode 2
Event: 5.297 Thread 0x000002099c803f30 DEOPT PACKING pc=0x00000209a5c87efc sp=0x000000d2fcffd230
Event: 5.297 Thread 0x000002099c803f30 DEOPT UNPACKING pc=0x00000209ad0b7143 sp=0x000000d2fcffc6c8 mode 1
Event: 5.297 Thread 0x000002099c803f30 DEOPT PACKING pc=0x00000209a5c873dc sp=0x000000d2fcffd300
Event: 5.297 Thread 0x000002099c803f30 DEOPT UNPACKING pc=0x00000209ad0b7143 sp=0x000000d2fcffc7b8 mode 1

Classes unloaded (0 events):
No events

Classes redefined (0 events):
No events

Internal exceptions (20 events):
Event: 0.624 Thread 0x000002099c803f30 Exception <a 'sun/nio/fs/WindowsException'{0x00000000c4c16200}> (0x00000000c4c16200) 
thrown [s\src\hotspot\share\prims\jni.cpp, line 516]
Event: 0.625 Thread 0x000002099c803f30 Exception <a 'sun/nio/fs/WindowsException'{0x00000000c4c16728}> (0x00000000c4c16728) 
thrown [s\src\hotspot\share\prims\jni.cpp, line 516]
Event: 0.734 Thread 0x000002099c803f30 Exception <a 'java/lang/NoSuchMethodError'{0x00000000c4cfd760}: 'int java.lang.invoke.DirectMethodHandle$Holder.invokeStaticInit(java.lang.Object, java.lang.Object, int, long)'> (0x00000000c4cfd760) 
thrown [s\src\hotspot\share\interpreter\linkResolver.cpp, line 759]
Event: 0.736 Thread 0x000002099c803f30 Exception <a 'java/lang/NoSuchMethodError'{0x00000000c4b035a8}: 'java.lang.Object java.lang.invoke.DirectMethodHandle$Holder.newInvokeSpecial(java.lang.Object, java.lang.Object, int)'> (0x00000000c4b035a8) 
thrown [s\src\hotspot\share\interpreter\linkResolver.cpp, line 759]
Event: 0.741 Thread 0x000002099c803f30 Exception <a 'java/lang/NoSuchMethodError'{0x00000000c4b181b0}: 'int java.lang.invoke.DirectMethodHandle$Holder.invokeStaticInit(java.lang.Object, java.lang.Object, long, long)'> (0x00000000c4b181b0) 
thrown [s\src\hotspot\share\interpreter\linkResolver.cpp, line 759]
Event: 0.743 Thread 0x000002099c803f30 Exception <a 'java/lang/NoSuchMethodError'{0x00000000c4b1e2c0}: 'java.lang.Object java.lang.invoke.DirectMethodHandle$Holder.newInvokeSpecial(java.lang.Object, java.lang.Object, long)'> (0x00000000c4b1e2c0) 
thrown [s\src\hotspot\share\interpreter\linkResolver.cpp, line 759]
Event: 0.744 Thread 0x000002099c803f30 Exception <a 'java/lang/NoSuchMethodError'{0x00000000c4b22370}: 'java.lang.Object java.lang.invoke.Invokers$Holder.linkToTargetMethod(java.lang.Object, long, java.lang.Object)'> (0x00000000c4b22370) 
thrown [s\src\hotspot\share\interpreter\linkResolver.cpp, line 759]
Event: 0.746 Thread 0x000002099c803f30 Exception <a 'java/lang/NoSuchMethodError'{0x00000000c4b29a88}: 'int java.lang.invoke.DirectMethodHandle$Holder.invokeStaticInit(java.lang.Object, java.lang.Object, java.lang.Object, long)'> (0x00000000c4b29a88) 
thrown [s\src\hotspot\share\interpreter\linkResolver.cpp, line 759]
Event: 0.793 Thread 0x000002099c803f30 Exception <a 'sun/nio/fs/WindowsException'{0x00000000c4bdd888}> (0x00000000c4bdd888) 
thrown [s\src\hotspot\share\prims\jni.cpp, line 516]
Event: 0.793 Thread 0x000002099c803f30 Exception <a 'sun/nio/fs/WindowsException'{0x00000000c4bddbf8}> (0x00000000c4bddbf8) 
thrown [s\src\hotspot\share\prims\jni.cpp, line 516]
Event: 0.862 Thread 0x000002099c803f30 Exception <a 'sun/nio/fs/WindowsException'{0x00000000c4aa4b30}> (0x00000000c4aa4b30) 
thrown [s\src\hotspot\share\prims\jni.cpp, line 516]
Event: 0.862 Thread 0x000002099c803f30 Exception <a 'sun/nio/fs/WindowsException'{0x00000000c4aa4e70}> (0x00000000c4aa4e70) 
thrown [s\src\hotspot\share\prims\jni.cpp, line 516]
Event: 1.008 Thread 0x000002099c803f30 Exception <a 'sun/nio/fs/WindowsException'{0x00000000c49746c8}> (0x00000000c49746c8) 
thrown [s\src\hotspot\share\prims\jni.cpp, line 516]
Event: 1.008 Thread 0x000002099c803f30 Exception <a 'sun/nio/fs/WindowsException'{0x00000000c4974a20}> (0x00000000c4974a20) 
thrown [s\src\hotspot\share\prims\jni.cpp, line 516]
Event: 1.158 Thread 0x000002099c803f30 Exception <a 'java/lang/NoSuchMethodError'{0x00000000c49c3df0}: 'java.lang.Object java.lang.invoke.DirectMethodHandle$Holder.newInvokeSpecial(java.lang.Object, long)'> (0x00000000c49c3df0) 
thrown [s\src\hotspot\share\interpreter\linkResolver.cpp, line 759]
Event: 1.442 Thread 0x000002099c803f30 Exception <a 'java/lang/NoSuchMethodError'{0x00000000c4773b88}: 'void java.lang.invoke.DirectMethodHandle$Holder.invokeStatic(java.lang.Object, long)'> (0x00000000c4773b88) 
thrown [s\src\hotspot\share\interpreter\linkResolver.cpp, line 759]
Event: 1.475 Thread 0x000002099c803f30 Exception <a 'sun/nio/fs/WindowsException'{0x00000000c47af560}> (0x00000000c47af560) 
thrown [s\src\hotspot\share\prims\jni.cpp, line 516]
Event: 1.476 Thread 0x000002099c803f30 Exception <a 'sun/nio/fs/WindowsException'{0x00000000c47af8e0}> (0x00000000c47af8e0) 
thrown [s\src\hotspot\share\prims\jni.cpp, line 516]
Event: 1.485 Thread 0x000002099c803f30 Exception <a 'sun/nio/fs/WindowsException'{0x00000000c47c0700}> (0x00000000c47c0700) 
thrown [s\src\hotspot\share\prims\jni.cpp, line 516]
Event: 1.485 Thread 0x000002099c803f30 Exception <a 'sun/nio/fs/WindowsException'{0x00000000c47c09b8}> (0x00000000c47c09b8) 
thrown [s\src\hotspot\share\prims\jni.cpp, line 516]

VM Operations (20 events):
Event: 11.157 Executing VM operation: get/set locals
Event: 11.157 Executing VM operation: get/set locals done
Event: 35.896 Executing VM operation: ChangeSingleStep
Event: 35.896 Executing VM operation: ChangeSingleStep done
Event: 35.901 Executing VM operation: ChangeSingleStep
Event: 35.901 Executing VM operation: ChangeSingleStep done
Event: 36.241 Executing VM operation: get/set locals
Event: 36.242 Executing VM operation: get/set locals done
Event: 36.244 Executing VM operation: get/set locals
Event: 36.244 Executing VM operation: get/set locals done
Event: 60.147 Executing VM operation: HandshakeAllThreads
Event: 60.147 Executing VM operation: HandshakeAllThreads done
Event: 93.060 Executing VM operation: get/set locals
Event: 93.061 Executing VM operation: get/set locals done
Event: 137.096 Executing VM operation: get/set locals
Event: 137.096 Executing VM operation: get/set locals done
Event: 149.098 Executing VM operation: ChangeSingleStep
Event: 149.098 Executing VM operation: ChangeSingleStep done
Event: 149.104 Executing VM operation: ChangeSingleStep
Event: 149.104 Executing VM operation: ChangeSingleStep done

Events (20 events):
Event: 3.480 loading class sun/reflect/generics/tree/TypeVariableSignature done
Event: 3.481 loading class java/lang/reflect/TypeVariable
Event: 3.481 loading class java/lang/reflect/TypeVariable done
Event: 3.481 loading class sun/reflect/generics/reflectiveObjects/TypeVariableImpl
Event: 3.482 loading class sun/reflect/generics/reflectiveObjects/LazyReflectiveObjectGenerator
Event: 3.482 loading class sun/reflect/generics/reflectiveObjects/LazyReflectiveObjectGenerator done
Event: 3.482 loading class sun/reflect/generics/reflectiveObjects/TypeVariableImpl done
Event: 3.482 loading class java/lang/Deprecated
Event: 3.482 loading class java/lang/Deprecated done
Event: 3.486 loading class jdk/internal/reflect/UnsafeQualifiedObjectFieldAccessorImpl
Event: 3.487 loading class jdk/internal/reflect/UnsafeQualifiedFieldAccessorImpl
Event: 3.487 loading class jdk/internal/reflect/UnsafeQualifiedFieldAccessorImpl done
Event: 3.487 loading class jdk/internal/reflect/UnsafeQualifiedObjectFieldAccessorImpl done
Event: 3.487 loading class jdk/internal/reflect/UnsafeIntegerFieldAccessorImpl
Event: 3.488 loading class jdk/internal/reflect/UnsafeIntegerFieldAccessorImpl done
Event: 4.373 Thread 0x00000209b9c34610 Thread added: 0x00000209b9c34610
Event: 20.799 loading class java/lang/StringIndexOutOfBoundsException
Event: 20.803 loading class java/lang/StringIndexOutOfBoundsException done
Event: 20.803 loading class java/lang/NegativeArraySizeException
Event: 20.804 loading class java/lang/NegativeArraySizeException done


Dynamic libraries:
0x00007ff6f00f0000 - 0x00007ff6f00fe000 	C:\Program Files\Eclipse Adoptium\jdk-17.0.11.9-hotspot\bin\java.exe
0x00007ffed4ff0000 - 0x00007ffed51e8000 	C:\Windows\SYSTEM32\ntdll.dll
0x00007ffed3370000 - 0x00007ffed3432000 	C:\Windows\System32\KERNEL32.DLL
0x00007ffed2960000 - 0x00007ffed2c5e000 	C:\Windows\System32\KERNELBASE.dll
0x00007ffed2df0000 - 0x00007ffed2ef0000 	C:\Windows\System32\ucrtbase.dll
0x00007ffec4100000 - 0x00007ffec4117000 	C:\Program Files\Eclipse Adoptium\jdk-17.0.11.9-hotspot\bin\jli.dll
0x00007ffec42e0000 - 0x00007ffec42fb000 	C:\Program Files\Eclipse Adoptium\jdk-17.0.11.9-hotspot\bin\VCRUNTIME140.dll
0x00007ffed3440000 - 0x00007ffed35dd000 	C:\Windows\System32\USER32.dll
0x00007ffed2d50000 - 0x00007ffed2d72000 	C:\Windows\System32\win32u.dll
0x00007ffed47b0000 - 0x00007ffed47db000 	C:\Windows\System32\GDI32.dll
0x00007ffebf0b0000 - 0x00007ffebf34a000 	C:\Windows\WinSxS\amd64_microsoft.windows.common-controls_6595b64144ccf1df_6.0.19041.4355_none_60b8b9eb71f62e16\COMCTL32.dll
0x00007ffed2ef0000 - 0x00007ffed3007000 	C:\Windows\System32\gdi32full.dll
0x00007ffed43e0000 - 0x00007ffed447e000 	C:\Windows\System32\msvcrt.dll
0x00007ffed2c60000 - 0x00007ffed2cfd000 	C:\Windows\System32\msvcp_win.dll
0x00007ffed35e0000 - 0x00007ffed360f000 	C:\Windows\System32\IMM32.DLL
0x00007ffece910000 - 0x00007ffece91c000 	C:\Program Files\Eclipse Adoptium\jdk-17.0.11.9-hotspot\bin\vcruntime140_1.dll
0x00007ffeb1400000 - 0x00007ffeb148d000 	C:\Program Files\Eclipse Adoptium\jdk-17.0.11.9-hotspot\bin\msvcp140.dll
0x00007ffe782d0000 - 0x00007ffe78f32000 	C:\Program Files\Eclipse Adoptium\jdk-17.0.11.9-hotspot\bin\server\jvm.dll
0x00007ffed3610000 - 0x00007ffed36c1000 	C:\Windows\System32\ADVAPI32.dll
0x00007ffed4960000 - 0x00007ffed49ff000 	C:\Windows\System32\sechost.dll
0x00007ffed4db0000 - 0x00007ffed4ed3000 	C:\Windows\System32\RPCRT4.dll
0x00007ffed2720000 - 0x00007ffed2747000 	C:\Windows\System32\bcrypt.dll
0x00007ffed1bf0000 - 0x00007ffed1c3b000 	C:\Windows\SYSTEM32\POWRPROF.dll
0x00007ffecb470000 - 0x00007ffecb479000 	C:\Windows\SYSTEM32\WSOCK32.dll
0x00007ffed4ae0000 - 0x00007ffed4b4b000 	C:\Windows\System32\WS2_32.dll
0x00007ffec4ed0000 - 0x00007ffec4ef7000 	C:\Windows\SYSTEM32\WINMM.dll
0x00007ffeca060000 - 0x00007ffeca06a000 	C:\Windows\SYSTEM32\VERSION.dll
0x00007ffed1a60000 - 0x00007ffed1a72000 	C:\Windows\SYSTEM32\UMPDC.dll
0x00007ffed04d0000 - 0x00007ffed04e2000 	C:\Windows\SYSTEM32\kernel.appcore.dll
0x00007ffeccbc0000 - 0x00007ffeccbca000 	C:\Program Files\Eclipse Adoptium\jdk-17.0.11.9-hotspot\bin\jimage.dll
0x00007ffec8ae0000 - 0x00007ffec8cc4000 	C:\Windows\SYSTEM32\DBGHELP.DLL
0x00007ffec8aa0000 - 0x00007ffec8ad4000 	C:\Windows\SYSTEM32\dbgcore.DLL
0x00007ffed2690000 - 0x00007ffed2712000 	C:\Windows\System32\bcryptPrimitives.dll
0x00007ffebc9b0000 - 0x00007ffebc9eb000 	C:\Program Files\Eclipse Adoptium\jdk-17.0.11.9-hotspot\bin\jdwp.dll
0x00007ffebd4a0000 - 0x00007ffebd4c5000 	C:\Program Files\Eclipse Adoptium\jdk-17.0.11.9-hotspot\bin\java.dll
0x00007ffeacc20000 - 0x00007ffeaccf7000 	C:\Program Files\Eclipse Adoptium\jdk-17.0.11.9-hotspot\bin\jsvml.dll
0x00007ffed3800000 - 0x00007ffed3f6d000 	C:\Windows\System32\SHELL32.dll
0x00007ffed06d0000 - 0x00007ffed0e73000 	C:\Windows\SYSTEM32\windows.storage.dll
0x00007ffed3010000 - 0x00007ffed3363000 	C:\Windows\System32\combase.dll
0x00007ffed20c0000 - 0x00007ffed20ee000 	C:\Windows\SYSTEM32\Wldp.dll
0x00007ffed47f0000 - 0x00007ffed48bd000 	C:\Windows\System32\OLEAUT32.dll
0x00007ffed4530000 - 0x00007ffed45dd000 	C:\Windows\System32\SHCORE.dll
0x00007ffed4f50000 - 0x00007ffed4fa5000 	C:\Windows\System32\shlwapi.dll
0x00007ffed25c0000 - 0x00007ffed25e4000 	C:\Windows\SYSTEM32\profapi.dll
0x00007ffeccb20000 - 0x00007ffeccb2c000 	C:\Program Files\Eclipse Adoptium\jdk-17.0.11.9-hotspot\bin\dt_socket.dll
0x00007ffed1a80000 - 0x00007ffed1abb000 	C:\Windows\SYSTEM32\IPHLPAPI.DLL
0x00007ffed1e00000 - 0x00007ffed1e6a000 	C:\Windows\system32\mswsock.dll
0x00007ffebeed0000 - 0x00007ffebeee9000 	C:\Program Files\Eclipse Adoptium\jdk-17.0.11.9-hotspot\bin\net.dll
0x00007ffecdbe0000 - 0x00007ffecdced000 	C:\Windows\SYSTEM32\WINHTTP.dll
0x00007ffebd400000 - 0x00007ffebd416000 	C:\Program Files\Eclipse Adoptium\jdk-17.0.11.9-hotspot\bin\nio.dll
0x00007ffebef30000 - 0x00007ffebef48000 	C:\Program Files\Eclipse Adoptium\jdk-17.0.11.9-hotspot\bin\zip.dll
0x000000006e700000 - 0x000000006e72d000 	C:\ProgramData\libGDX-temp\libgdxLenovo\2a9d7f76\gdx64.dll
0x00007ffeb10f0000 - 0x00007ffeb116b000 	C:\ProgramData\libGDX-temp\lwjgl_Lenovo\3.3.3+5\x64\lwjgl.dll
0x00007ffea7e50000 - 0x00007ffea80c0000 	C:\ProgramData\libGDX-temp\lwjgl_Lenovo\3.3.3+5\x64\jemalloc.dll
0x00007ffeac320000 - 0x00007ffeac3a2000 	C:\ProgramData\libGDX-temp\lwjgl_Lenovo\3.3.3+5\x64\glfw.dll
0x00007ffeb0d50000 - 0x00007ffeb0d95000 	C:\Windows\SYSTEM32\dinput8.dll
0x00007ffec3c20000 - 0x00007ffec3c31000 	C:\Windows\SYSTEM32\xinput1_4.dll
0x00007ffed2d00000 - 0x00007ffed2d4e000 	C:\Windows\System32\cfgmgr32.dll
0x00007ffed2420000 - 0x00007ffed2453000 	C:\Windows\SYSTEM32\DEVOBJ.dll
0x00007ffed01d0000 - 0x00007ffed01ff000 	C:\Windows\SYSTEM32\dwmapi.dll
0x00007ffec3860000 - 0x00007ffec39b2000 	C:\Windows\SYSTEM32\inputhost.dll
0x00007ffece580000 - 0x00007ffece672000 	C:\Windows\SYSTEM32\CoreMessaging.dll
0x00007ffecf2e0000 - 0x00007ffecf3d6000 	C:\Windows\SYSTEM32\PROPSYS.dll
0x00007ffecf550000 - 0x00007ffecf6a7000 	C:\Windows\SYSTEM32\wintypes.dll
0x00007ffece0a0000 - 0x00007ffece3fb000 	C:\Windows\SYSTEM32\CoreUIComponents.dll
0x00007ffed18f0000 - 0x00007ffed1923000 	C:\Windows\SYSTEM32\ntmarta.dll
0x00007ffecff40000 - 0x00007ffecffde000 	C:\Windows\system32\uxtheme.dll
0x00007ffed4c90000 - 0x00007ffed4da5000 	C:\Windows\System32\MSCTF.dll
0x00007ffea1940000 - 0x00007ffea1b07000 	C:\ProgramData\libGDX-temp\lwjgl_Lenovo\3.3.3+5\x64\OpenAL.dll
0x00007ffed36d0000 - 0x00007ffed37fb000 	C:\Windows\System32\ole32.dll
0x00007ffed4480000 - 0x00007ffed4529000 	C:\Windows\System32\clbcatq.dll
0x00007ffec8950000 - 0x00007ffec89d5000 	C:\Windows\System32\MMDevApi.dll
0x00007ffec5480000 - 0x00007ffec5601000 	C:\Windows\SYSTEM32\AUDIOSES.DLL
0x00007ffed00d0000 - 0x00007ffed00e4000 	C:\Windows\SYSTEM32\resourcepolicyclient.dll
0x00007ffeb4260000 - 0x00007ffeb4388000 	C:\Windows\SYSTEM32\opengl32.dll
0x00007ffeb41f0000 - 0x00007ffeb421c000 	C:\Windows\SYSTEM32\GLU32.dll
0x00007ffecc9e0000 - 0x00007ffeccae2000 	C:\Windows\System32\AppXDeploymentClient.dll
0x00007ffe71310000 - 0x00007ffe72028000 	C:\Windows\SYSTEM32\ig8icd64.dll
0x00007ffec6b80000 - 0x00007ffec75bf000 	C:\Windows\SYSTEM32\igdusc64.dll
0x00007ffeccd40000 - 0x00007ffeccd54000 	C:\Windows\SYSTEM32\WTSAPI32.dll
0x00007ffec8790000 - 0x00007ffec87cb000 	C:\Windows\SYSTEM32\dxcore.dll
0x00007ffed0ee0000 - 0x00007ffed0fd6000 	C:\Windows\SYSTEM32\dxgi.dll
0x00007ffecd1c0000 - 0x00007ffecd423000 	C:\Windows\SYSTEM32\d3d11.dll
0x00007ffec7690000 - 0x00007ffec85ee000 	C:\Windows\SYSTEM32\igd10iumd64.dll
0x00007ffed2130000 - 0x00007ffed2157000 	C:\Windows\SYSTEM32\ncrypt.dll
0x00007ffece9f0000 - 0x00007ffecea84000 	C:\Windows\SYSTEM32\apphelp.dll
0x00007ffed20f0000 - 0x00007ffed212b000 	C:\Windows\SYSTEM32\NTASN1.dll
0x00007ffecf4a0000 - 0x00007ffecf54e000 	C:\Windows\SYSTEM32\mscms.dll
0x00007ffed2580000 - 0x00007ffed25ae000 	C:\Windows\SYSTEM32\USERENV.dll
0x00007ffecf2c0000 - 0x00007ffecf2d1000 	C:\Windows\SYSTEM32\ColorAdapterClient.dll
0x00007ffeaf110000 - 0x00007ffeaf155000 	C:\Windows\SYSTEM32\icm32.dll
0x00007ffeac990000 - 0x00007ffeac9ee000 	C:\ProgramData\libGDX-temp\lwjgl_Lenovo\3.3.3+5\x64\lwjgl_opengl.dll
0x00007ffec39c0000 - 0x00007ffec3ab9000 	C:\Windows\SYSTEM32\textinputframework.dll
0x0000000066b00000 - 0x0000000066b5a000 	C:\ProgramData\libGDX-temp\libgdxLenovo\5e84b8da\gdx-box2d64.dll

dbghelp: loaded successfully - version: 4.0.5 - missing functions: none
symbol engine: initialized successfully - sym options: 0x614 - pdb path: .;C:\Program Files\Eclipse Adoptium\jdk-17.0.11.9-hotspot\bin;C:\Windows\SYSTEM32;C:\Windows\WinSxS\amd64_microsoft.windows.common-controls_6595b64144ccf1df_6.0.19041.4355_none_60b8b9eb71f62e16;C:\Program Files\Eclipse Adoptium\jdk-17.0.11.9-hotspot\bin\server;C:\ProgramData\libGDX-temp\libgdxLenovo\2a9d7f76;C:\ProgramData\libGDX-temp\lwjgl_Lenovo\3.3.3+5\x64;C:\ProgramData\libGDX-temp\libgdxLenovo\5e84b8da

VM Arguments:
jvm_args: -agentlib:jdwp=transport=dt_socket,server=n,suspend=y,address=127.0.0.1:51182 -Dfile.encoding=UTF-8 -Duser.country=US -Duser.language=en -Duser.variant 
java_command: io.github.some_example_name.lwjgl3.Lwjgl3Launcher
java_class_path (initial): C:\Users\Lenovo\Downloads\test\lwjgl3\build\classes\java\main;C:\Users\Lenovo\Downloads\test\lwjgl3\build\resources\main;C:\Users\Lenovo\.gradle\caches\modules-2\files-2.1\com.badlogicgames.gdx\gdx-backend-lwjgl3\1.12.1\12a144cacb34f0392cd8354f798d99e4836a51a8\gdx-backend-lwjgl3-1.12.1.jar;C:\Users\Lenovo\.gradle\caches\modules-2\files-2.1\com.badlogicgames.gdx\gdx-platform\1.12.1\5737be5ce3a4e8f9f77c2d9ab95ab479f9c3705f\gdx-platform-1.12.1-natives-desktop.jar;C:\Users\Lenovo\Downloads\test\core\build\libs\core-$projectVersion.jar;C:\Users\Lenovo\.gradle\caches\modules-2\files-2.1\com.github.tommyettinger\libgdx-utils-box2d\0.13.7\8880b2a4f7e60c5e3919b3c139c9f29a49f93924\libgdx-utils-box2d-0.13.7.jar;C:\Users\Lenovo\.gradle\caches\modules-2\files-2.1\com.github.tommyettinger\libgdx-utils\0.13.7\bf423b2da7c82c092e6a55edf6ff195d080dd689\libgdx-utils-0.13.7.jar;C:\Users\Lenovo\.gradle\caches\modules-2\files-2.1\com.badlogicgames.gdx\gdx-box2d\1.12.1\6c37ed04f97d062f1bdc4afe1f583182e539a269\gdx-box2d-1.12.1.jar;C:\Users\Lenovo\.gradle\caches\modules-2\files-2.1\com.badlogicgames.gdx\gdx\1.12.1\a2d066c09329c457045c284c42d6f37122840aa\gdx-1.12.1.jar;C:\Users\Lenovo\.gradle\caches\modules-2\files-2.1\org.lwjgl\lwjgl-glfw\3.3.3\efa1eb78c5ccd840e9f329717109b5e892d72f8e\lwjgl-glfw-3.3.3.jar;C:\Users\Lenovo\.gradle\caches\modules-2\files-2.1\org.lwjgl\lwjgl-glfw\3.3.3\a03684c5e4b1b1dbbe0d29dbbdc27b985b6840f2\lwjgl-glfw-3.3.3-natives-linux.jar;C:\Users\Lenovo\.gradle\caches\modules-2\files-2.1\org.lwjgl\lwjgl-glfw\3.3.3\d9af485c32545b37dd5359b163161d42d7534dcf\lwjgl-glfw-3.3.3-natives-linux-arm32.jar;C:\Users\Lenovo\.gradle\caches\modules-2\files-2.1\org.lwjgl\lwjgl-glfw\3.3.3\492a0f11f85b85899a6568f07511160c1b87cd38\lwjgl-glfw-3.3.3-natives-linux-arm64.jar;C:\Users\Lenovo\.gradle\caches\modules-2\files-2.1\org.lwjgl\lwjgl-glfw\3.3.3\a1bf400f6bc64e6195596cb1430dafda46090751\lwjgl-glfw-3.3.3-natives-macos.jar;C:\Users\Lenovo\.gradle\caches\modules-2\
Launcher Type: SUN_STANDARD

[Global flags]
     intx CICompilerCount                          = 3                                         {product} {ergonomic}
     uint ConcGCThreads                            = 1                                         {product} {ergonomic}
     uint G1ConcRefinementThreads                  = 4                                         {product} {ergonomic}
   size_t G1HeapRegionSize                         = 1048576                                   {product} {ergonomic}
    uintx GCDrainStackTargetSize                   = 64                                        {product} {ergonomic}
   size_t InitialHeapSize                          = 67108864                                  {product} {ergonomic}
   size_t MarkStackSize                            = 4194304                                   {product} {ergonomic}
   size_t MaxHeapSize                              = 1052770304                                {product} {ergonomic}
   size_t MaxNewSize                               = 631242752                                 {product} {ergonomic}
   size_t MinHeapDeltaBytes                        = 1048576                                   {product} {ergonomic}
   size_t MinHeapSize                              = 8388608                                   {product} {ergonomic}
    uintx NonNMethodCodeHeapSize                   = 5832780                                {pd product} {ergonomic}
    uintx NonProfiledCodeHeapSize                  = 122912730                              {pd product} {ergonomic}
    uintx ProfiledCodeHeapSize                     = 122912730                              {pd product} {ergonomic}
    uintx ReservedCodeCacheSize                    = 251658240                              {pd product} {ergonomic}
     bool SegmentedCodeCache                       = true                                      {product} {ergonomic}
   size_t SoftMaxHeapSize                          = 1052770304                             {manageable} {ergonomic}
     bool UseCompressedClassPointers               = true                           {product lp64_product} {ergonomic}
     bool UseCompressedOops                        = true                           {product lp64_product} {ergonomic}
     bool UseG1GC                                  = true                                      {product} {ergonomic}
     bool UseLargePagesIndividualAllocation        = false                                  {pd product} {ergonomic}

Logging:
Log output configuration:
 #0: stdout all=warning uptime,level,tags
 #1: stderr all=off uptime,level,tags

Environment Variables:
PATH=C:\Python312\Scripts\;C:\Python312\;C:\Program Files\Eclipse Adoptium\jdk-17.0.11.9-hotspot\bin;C:\Program Files (x86)\Common Files\Oracle\Java\javapath;C:\Windows\system32;C:\Windows;C:\Windows\System32\Wbem;C:\Windows\System32\WindowsPowerShell\v1.0\;C:\Windows\System32\OpenSSH\;C:\ProgramData\chocolatey\bin;C:\Program Files\Git\cmd;C:\Users\Lenovo\AppData\Local\Programs\Python\Python311\Scripts\;C:\Users\Lenovo\AppData\Local\Programs\Python\Python311\;C:\Users\Lenovo\AppData\Local\Microsoft\WindowsApps;C:\Users\Lenovo\AppData\Local\Programs\Microsoft VS Code\bin
USERNAME=Lenovo
OS=Windows_NT
PROCESSOR_IDENTIFIER=Intel64 Family 6 Model 61 Stepping 4, GenuineIntel
TMP=C:\Users\Lenovo\AppData\Local\Temp
TEMP=C:\Users\Lenovo\AppData\Local\Temp



Periodic native trim disabled


---------------  S Y S T E M  ---------------

OS:
 Windows 10 , 64 bit Build 19041 (10.0.19041.5198)
OS uptime: 6 days 13:17 hours
Hyper-V role detected

CPU: total 4 (initial active 4) (2 cores per cpu, 2 threads per core) family 6 model 61 stepping 4 microcode 0x2d, cx8, cmov, fxsr, ht, mmx, 3dnowpref, sse, sse2, sse3, ssse3, sse4.1, sse4.2, popcnt, lzcnt, tsc, tscinvbit, avx, avx2, aes, erms, clmul, bmi1, bmi2, adx, fma, vzeroupper, clflush, hv
Processor Information for all 4 processors :
  Max Mhz: 2201, Current Mhz: 2201, Mhz Limit: 2201

Memory: 4k page, system-wide physical 4010M (740M free)
TotalPageFile size 16298M (AvailPageFile size 4863M)
current process WorkingSet (physical memory assigned to process): 41M, peak: 172M
current process commit charge ("private bytes"): 253M, peak: 266M

vm_info: OpenJDK 64-Bit Server VM (17.0.11+9) for windows-amd64 JRE (17.0.11+9), built on Apr 17 2024 06:07:48 by "admin" with MS VC++ 16.10 / 16.11 (VS2019)

END.
